Log file open, 04/14/20 01:00:44
LogWindows: Failed to load 'aqProf.dll' (GetLastError=126)
LogWindows: File 'aqProf.dll' does not exist
LogWindows: Failed to load 'VSPerf140.dll' (GetLastError=126)
LogWindows: File 'VSPerf140.dll' does not exist
LogWindows: Failed to load 'VtuneApi.dll' (GetLastError=126)
LogWindows: File 'VtuneApi.dll' does not exist
LogWindows: Failed to load 'VtuneApi32e.dll' (GetLastError=126)
LogWindows: File 'VtuneApi32e.dll' does not exist
LogInit: Display: Running engine for game: MyProject5
LogPlatformFile: Not using cached read wrapper
LogTaskGraph: Started task graph with 5 named threads and 14 total threads with 3 sets of task threads.
LogStats: Stats thread started at 0.199754
LogD3D11RHI: Loaded GFSDK_Aftermath_Lib.x64.dll
LogICUInternationalization: Display: ICU TimeZone Detection - Raw Offset: -6:00, Platform Override: ''
LogPluginManager: Mounting plugin Paper2D
LogPluginManager: Mounting plugin AISupport
LogPluginManager: Mounting plugin LightPropagationVolume
LogPluginManager: Mounting plugin CLionSourceCodeAccess
LogPluginManager: Mounting plugin CodeLiteSourceCodeAccess
LogPluginManager: Mounting plugin GitSourceControl
LogPluginManager: Mounting plugin KDevelopSourceCodeAccess
LogPluginManager: Mounting plugin NullSourceCodeAccess
LogPluginManager: Mounting plugin PerforceSourceControl
LogPluginManager: Mounting plugin SubversionSourceControl
LogPluginManager: Mounting plugin UObjectPlugin
LogPluginManager: Mounting plugin VisualStudioCodeSourceCodeAccess
LogPluginManager: Mounting plugin VisualStudioSourceCodeAccess
LogPluginManager: Mounting plugin XCodeSourceCodeAccess
LogPluginManager: Mounting plugin AssetManagerEditor
LogPluginManager: Mounting plugin CryptoKeys
LogPluginManager: Mounting plugin DataValidation
LogPluginManager: Mounting plugin FacialAnimation
LogPluginManager: Mounting plugin GameplayTagsEditor
LogPluginManager: Mounting plugin MacGraphicsSwitching
LogPluginManager: Mounting plugin MeshEditor
LogPluginManager: Mounting plugin MobileLauncherProfileWizard
LogPluginManager: Mounting plugin PluginBrowser
LogPluginManager: Mounting plugin SpeedTreeImporter
LogPluginManager: Mounting plugin DatasmithContent
LogPluginManager: Mounting plugin AlembicImporter
LogPluginManager: Mounting plugin AppleImageUtils
LogPluginManager: Mounting plugin AppleVision
LogPluginManager: Mounting plugin BackChannel
LogPluginManager: Mounting plugin CharacterAI
LogPluginManager: Mounting plugin GeometryCache
LogPluginManager: Mounting plugin HTML5Networking
LogPluginManager: Mounting plugin ProxyLODPlugin
LogPluginManager: Mounting plugin MagicLeap
LogPluginManager: Mounting plugin MagicLeapEmulator
LogPluginManager: Mounting plugin MagicLeapMedia
LogPluginManager: Mounting plugin AndroidMedia
LogPluginManager: Mounting plugin AvfMedia
LogPluginManager: Mounting plugin ImgMedia
LogPluginManager: Mounting plugin LinearTimecode
LogPluginManager: Mounting plugin MediaCompositing
LogPluginManager: Mounting plugin MediaPlayerEditor
LogPluginManager: Mounting plugin WmfMedia
LogPluginManager: Mounting plugin TcpMessaging
LogPluginManager: Mounting plugin UdpMessaging
LogPluginManager: Mounting plugin ActorSequence
LogPluginManager: Mounting plugin LevelSequenceEditor
LogPluginManager: Mounting plugin MatineeToLevelSequence
LogPluginManager: Mounting plugin NetcodeUnitTest
LogPluginManager: Mounting plugin NUTUnrealEngine4
LogPluginManager: Mounting plugin OnlineSubsystemGooglePlay
LogPluginManager: Mounting plugin OnlineSubsystemIOS
LogPluginManager: Mounting plugin OnlineSubsystem
LogPluginManager: Mounting plugin OnlineSubsystemNull
LogPluginManager: Mounting plugin OnlineSubsystemUtils
LogPluginManager: Mounting plugin LauncherChunkInstaller
LogPluginManager: Mounting plugin AndroidDeviceProfileSelector
LogPluginManager: Mounting plugin AndroidMoviePlayer
LogPluginManager: Mounting plugin AndroidPermission
LogPluginManager: Mounting plugin AppleMoviePlayer
LogPluginManager: Mounting plugin ArchVisCharacter
LogPluginManager: Mounting plugin AudioCapture
LogPluginManager: Mounting plugin CableComponent
LogPluginManager: Mounting plugin CustomMeshComponent
LogPluginManager: Mounting plugin EditableMesh
LogPluginManager: Mounting plugin ExampleDeviceProfileSelector
LogPluginManager: Mounting plugin GoogleCloudMessaging
LogPluginManager: Mounting plugin ImmediatePhysics
LogPluginManager: Mounting plugin IOSDeviceProfileSelector
LogPluginManager: Mounting plugin LinuxDeviceProfileSelector
LogPluginManager: Mounting plugin LocationServicesBPLibrary
LogPluginManager: Mounting plugin MobilePatchingUtils
LogPluginManager: Mounting plugin OculusVR
LogPluginManager: Plugin shader directory ../../../Engine/Plugins/Runtime/Oculus/OculusVR/Shaders found
LogPluginManager: Mapping shader source directory ../../../Engine/Plugins/Runtime/Oculus/OculusVR/Shaders to virtual directory /Plugin/OculusVR
LogPluginManager: Mounting plugin PhysXVehicles
LogPluginManager: Mounting plugin ProceduralMeshComponent
LogPluginManager: Mounting plugin RuntimePhysXCooking
LogPluginManager: Mounting plugin SteamVR
LogPluginManager: Mounting plugin WindowsMoviePlayer
LogStreaming: Display: Took  0.436s to configure plugins.
LogInit: Using libcurl 7.55.1-DEV
LogInit:  - built for x86_64-pc-win32
LogInit:  - supports SSL with OpenSSL/1.0.2h
LogInit:  - supports HTTP deflate (compression) using libz 1.2.8
LogInit:  - other features:
LogInit:      CURL_VERSION_SSL
LogInit:      CURL_VERSION_LIBZ
LogInit:      CURL_VERSION_IPV6
LogInit:      CURL_VERSION_ASYNCHDNS
LogInit:      CURL_VERSION_LARGEFILE
LogInit:      CURL_VERSION_IDN
LogInit:  CurlRequestOptions (configurable via config and command line):
LogInit:  - bVerifyPeer = false  - Libcurl will NOT verify peer certificate
LogInit:  - bUseHttpProxy = false  - Libcurl will NOT use HTTP proxy
LogInit:  - bDontReuseConnections = false  - Libcurl will reuse connections
LogInit:  - CertBundlePath = nullptr  - Libcurl will use whatever was configured at build time.
LogInit:  - MaxHostConnections = 16  - Libcurl will limit the number of connections to a host
LogInit:  - LocalHostAddr = Default
LogInit:  - BufferSize = 65536
LogInit: WinSock: version 1.1 (2.2), MaxSocks=32767, MaxUdp=65467
LogInit: Build: ++UE4+Release-4.20-CL-4369336
LogInit: Engine Version: 4.20.3-4369336+++UE4+Release-4.20
LogInit: Compatible Engine Version: 4.20.0-4212847+++UE4+Release-4.20
LogInit: Net CL: 4212847
LogInit: OS: Windows 10 (), CPU:         Intel(R) Core(TM) i5-3550 CPU @ 3.30GHz, GPU: Intel(R) HD Graphics
LogInit: Compiled (64-bit): Sep 17 2018 12:26:19
LogInit: Compiled with Visual C++: 19.13.26129.00
LogInit: Build Configuration: Development
LogInit: Branch Name: ++UE4+Release-4.20
LogInit: Command Line: -EpicPortal  -epicusername="Angel Medrano G." -epicuserid=290a1e5eadba4b98b69e87c9547c8a6a -epiclocale=en
LogInit: Base Directory: D:/Programas/Epic Games/UE_4.20/Engine/Binaries/Win64/
LogInit: Installed Engine Build: 1
LogDevObjectVersion: Number of dev versions registered: 20
LogDevObjectVersion:   Dev-Blueprints (B0D832E4-1F89-4F0D-ACCF-7EB736FD4AA2): 10
LogDevObjectVersion:   Dev-Build (E1C64328-A22C-4D53-A36C-8E866417BD8C): 0
LogDevObjectVersion:   Dev-Core (375EC13C-06E4-48FB-B500-84F0262A717E): 2
LogDevObjectVersion:   Dev-Editor (E4B068ED-F494-42E9-A231-DA0B2E46BB41): 24
LogDevObjectVersion:   Dev-Framework (CFFC743F-43B0-4480-9391-14DF171D2073): 34
LogDevObjectVersion:   Dev-Mobile (B02B49B5-BB20-44E9-A304-32B752E40360): 2
LogDevObjectVersion:   Dev-Networking (A4E4105C-59A1-49B5-A7C5-40C4547EDFEE): 0
LogDevObjectVersion:   Dev-Online (39C831C9-5AE6-47DC-9A44-9C173E1C8E7C): 0
LogDevObjectVersion:   Dev-Physics (78F01B33-EBEA-4F98-B9B4-84EACCB95AA2): 0
LogDevObjectVersion:   Dev-Platform (6631380F-2D4D-43E0-8009-CF276956A95A): 0
LogDevObjectVersion:   Dev-Rendering (12F88B9F-8875-4AFC-A67C-D90C383ABD29): 26
LogDevObjectVersion:   Dev-Sequencer (7B5AE74C-D270-4C10-A958-57980B212A5A): 9
LogDevObjectVersion:   Dev-VR (D7296918-1DD6-4BDD-9DE2-64A83CC13884): 2
LogDevObjectVersion:   Dev-LoadTimes (C2A15278-BFE7-4AFE-6C17-90FF531DF755): 1
LogDevObjectVersion:   Private-Geometry (6EACA3D4-40EC-4CC1-B786-8BED09428FC5): 3
LogDevObjectVersion:   Dev-AnimPhys (29E575DD-E0A3-4627-9D10-D276232CDCEA): 17
LogDevObjectVersion:   Dev-ReflectionCapture (6B266CEC-1EC7-4B8F-A30B-E4D90942FC07): 1
LogDevObjectVersion:   Dev-Automation (0DF73D61-A23F-47EA-B727-89E90C41499A): 1
LogDevObjectVersion:   FortniteMain (601D1886-AC64-4F84-AA16-D3DE0DEAC7D6): 12
LogDevObjectVersion:   Dev-Enterprise (9DFFBCD6-494F-0158-E221-12823C92A888): 1
LogStreaming: Display: Took  0.000s to delete old logs.
LogInit: Presizing for max 8388607 objects, including 0 objects not considered by GC, pre-allocating 0 bytes for permanent pool.
LogInit: Object subsystem initialized
[2020.04.14-06.00.44:666][  0]LogInit: Selected Device Profile: [Windows]
[2020.04.14-06.00.44:666][  0]LogInit: Applying CVar settings loaded from the selected device profile: [Windows]
[2020.04.14-06.00.44:709][  0]LogHAL: Display: Platform has ~ 16 GB [17060900864 / 17179869184 / 16], which maps to Larger [LargestMinGB=32, LargerMinGB=12, DefaultMinGB=8, SmallerMinGB=6, SmallestMinGB=0)
[2020.04.14-06.00.44:709][  0]LogInit: Setting Device Profile CVar: [[r.Vulkan.UseRealUBs:1]]
[2020.04.14-06.00.44:709][  0]LogInit: Going up to parent DeviceProfile []
[2020.04.14-06.00.44:710][  0]LogInit: Computer: DESKTOP-DRG68JE
[2020.04.14-06.00.44:710][  0]LogInit: User: AngelMedranoG
[2020.04.14-06.00.44:710][  0]LogInit: CPU Page size=4096, Cores=4
[2020.04.14-06.00.44:710][  0]LogInit: High frequency timer resolution =10.000000 MHz
[2020.04.14-06.00.44:710][  0]LogMemory: Memory total: Physical=15.9GB (16GB approx)
[2020.04.14-06.00.44:710][  0]LogMemory: Platform Memory Stats for Windows
[2020.04.14-06.00.44:710][  0]LogMemory: Process Physical Memory: 99.79 MB used, 99.80 MB peak
[2020.04.14-06.00.44:710][  0]LogMemory: Process Virtual Memory: 90.16 MB used, 90.16 MB peak
[2020.04.14-06.00.44:710][  0]LogMemory: Physical Memory: 7880.66 MB used,  8389.88 MB free, 16270.54 MB total
[2020.04.14-06.00.44:710][  0]LogMemory: Virtual Memory: 4614.56 MB used,  8389.88 MB free, 134217728.00 MB total
[2020.04.14-06.00.44:726][  0]LogInit: Overriding language with editor language configuration option (en).
[2020.04.14-06.00.44:726][  0]LogInit: Overriding locale with editor locale configuration option (en).
[2020.04.14-06.00.45:185][  0]LogStreaming: Display: Took  0.459s to InitEngineTextLocalization.
[2020.04.14-06.00.45:185][  0]LogInit: Setting process to per monitor DPI aware
[2020.04.14-06.00.45:233][  0]LogSlate: New Slate User Created.  User Index 0, Is Virtual User: 0
[2020.04.14-06.00.45:233][  0]LogSlate: Slate User Registered.  User Index 0, Is Virtual User: 0
[2020.04.14-06.00.45:476][  0]LogHMD: Failed to initialize OpenVR with code 110
[2020.04.14-06.00.45:476][  0]LogD3D11RHI: D3D11 adapters:
[2020.04.14-06.00.45:507][  0]LogD3D11RHI:    0. 'AMD Radeon HD 7000 series' (Feature Level 11_0)
[2020.04.14-06.00.45:507][  0]LogD3D11RHI:       1008/0/3840 MB DedicatedVideo/DedicatedSystem/SharedSystem, Outputs:1, VendorId:0x1002
[2020.04.14-06.00.45:516][  0]LogD3D11RHI:    1. 'Intel(R) HD Graphics' (Feature Level 11_0)
[2020.04.14-06.00.45:516][  0]LogD3D11RHI:       32/0/1760 MB DedicatedVideo/DedicatedSystem/SharedSystem, Outputs:1, VendorId:0x8086
[2020.04.14-06.00.45:520][  0]LogD3D11RHI:    2. 'Microsoft Basic Render Driver' (Feature Level 11_0)
[2020.04.14-06.00.45:520][  0]LogD3D11RHI:       0/0/8135 MB DedicatedVideo/DedicatedSystem/SharedSystem, Outputs:0, VendorId:0x1414
[2020.04.14-06.00.45:520][  0]LogD3D11RHI: Chosen D3D11 Adapter: 0
[2020.04.14-06.00.45:530][  0]LogD3D11RHI: Creating new Direct3DDevice
[2020.04.14-06.00.45:530][  0]LogD3D11RHI:     GPU DeviceId: 0x6778 (for the marketing name, search the web for "GPU Device Id")
[2020.04.14-06.00.45:530][  0]LogWindows: EnumDisplayDevices:
[2020.04.14-06.00.45:531][  0]LogWindows:    0. 'Intel(R) HD Graphics' (P:0 D:1)
[2020.04.14-06.00.45:531][  0]LogWindows:    1. 'Intel(R) HD Graphics' (P:0 D:0)
[2020.04.14-06.00.45:531][  0]LogWindows:    2. 'Intel(R) HD Graphics' (P:0 D:0)
[2020.04.14-06.00.45:532][  0]LogWindows:    3. 'AMD Radeon HD 7000 series' (P:1 D:1)
[2020.04.14-06.00.45:533][  0]LogWindows:    4. 'AMD Radeon HD 7000 series' (P:0 D:0)
[2020.04.14-06.00.45:533][  0]LogWindows:    5. 'AMD Radeon HD 7000 series' (P:0 D:0)
[2020.04.14-06.00.45:534][  0]LogWindows:    6. 'AMD Radeon HD 7000 series' (P:0 D:0)
[2020.04.14-06.00.45:534][  0]LogWindows: DebugString: PrimaryIsNotTheChoosenAdapter PrimaryIsNotTheChoosenAdapter PrimaryIsNotTheChoosenAdapter FoundDriverCount:4 
[2020.04.14-06.00.45:534][  0]LogD3D11RHI:     Adapter Name: AMD Radeon HD 7000 series
[2020.04.14-06.00.45:534][  0]LogD3D11RHI:   Driver Version: 15.201.1151.1008 (internal:15.201.1151.1008, unified:15.201.1151.1008)
[2020.04.14-06.00.45:534][  0]LogD3D11RHI:      Driver Date: 11-4-2015
[2020.04.14-06.00.45:534][  0]LogRHI: Texture pool is 706 MB (70% of 1008 MB)
[2020.04.14-06.00.45:636][  0]LogD3D11RHI: AMD Pre GCN architecture detected, some driver workarounds will be in place
[2020.04.14-06.00.45:646][  0]LogD3D11RHI: Async texture creation enabled
[2020.04.14-06.00.45:659][  0]LogD3D11RHI: GPU Timing Frequency: 27.000000 (Debug: 2 1)
[2020.04.14-06.00.45:661][  0]LogShaderCompilers: Guid format shader working directory is 20 characters bigger than the processId version (../../../../../../unreal/MyProject5/Intermediate/Shaders/WorkingDirectory/13032/).
[2020.04.14-06.00.45:661][  0]LogShaderCompilers: Cleaned the shader compiler working directory 'C:/Users/Angel Medrano G/AppData/Local/Temp/UnrealShaderWorkingDir/8CD9682D47511373F2300A92E10C5BD5/'.
[2020.04.14-06.00.46:031][  0]LogTemp: Display: Loaded TP AllDesktopTargetPlatform
[2020.04.14-06.00.46:051][  0]LogTemp: Display: Loaded TP MacClientTargetPlatform
[2020.04.14-06.00.46:073][  0]LogTemp: Display: Loaded TP MacNoEditorTargetPlatform
[2020.04.14-06.00.46:090][  0]LogTemp: Display: Loaded TP MacServerTargetPlatform
[2020.04.14-06.00.46:107][  0]LogTemp: Display: Loaded TP MacTargetPlatform
[2020.04.14-06.00.46:123][  0]LogTemp: Display: Loaded TP WindowsClientTargetPlatform
[2020.04.14-06.00.46:140][  0]LogTemp: Display: Loaded TP WindowsNoEditorTargetPlatform
[2020.04.14-06.00.46:158][  0]LogTemp: Display: Loaded TP WindowsServerTargetPlatform
[2020.04.14-06.00.46:167][  0]LogTemp: Display: Loaded TP WindowsTargetPlatform
[2020.04.14-06.00.46:265][  0]LogTemp: Display: Loaded TP AndroidTargetPlatform
[2020.04.14-06.00.46:265][  0]LogTemp: Display: Loaded TP AndroidTargetPlatform
[2020.04.14-06.00.46:265][  0]LogTemp: Display: Loaded TP AndroidTargetPlatform
[2020.04.14-06.00.46:265][  0]LogTemp: Display: Loaded TP AndroidTargetPlatform
[2020.04.14-06.00.46:265][  0]LogTemp: Display: Loaded TP AndroidTargetPlatform
[2020.04.14-06.00.46:265][  0]LogTemp: Display: Loaded TP AndroidTargetPlatform
[2020.04.14-06.00.46:265][  0]LogTemp: Display: Loaded TP AndroidTargetPlatform
[2020.04.14-06.00.46:265][  0]LogTemp: Display: Loaded TP AndroidTargetPlatform
[2020.04.14-06.00.46:265][  0]LogTemp: Display: Loaded TP AndroidTargetPlatform
[2020.04.14-06.00.46:265][  0]LogTemp: Display: Loaded TP AndroidTargetPlatform
[2020.04.14-06.00.46:265][  0]LogTemp: Display: Loaded TP AndroidTargetPlatform
[2020.04.14-06.00.46:265][  0]LogTemp: Display: Loaded TP AndroidTargetPlatform
[2020.04.14-06.00.46:265][  0]LogTemp: Display: Loaded TP AndroidTargetPlatform
[2020.04.14-06.00.46:265][  0]LogTemp: Display: Loaded TP AndroidTargetPlatform
[2020.04.14-06.00.46:265][  0]LogTemp: Display: Loaded TP AndroidTargetPlatform
[2020.04.14-06.00.46:265][  0]LogTemp: Display: Loaded TP AndroidTargetPlatform
[2020.04.14-06.00.46:265][  0]LogTemp: Display: Loaded TP AndroidTargetPlatform
[2020.04.14-06.00.46:265][  0]LogTemp: Display: Loaded TP AndroidTargetPlatform
[2020.04.14-06.00.46:267][  0]LogTemp: Display: Loaded TP HTML5TargetPlatform
[2020.04.14-06.00.46:332][  0]LogTemp: Display: Loaded TP IOSTargetPlatform
[2020.04.14-06.00.46:332][  0]LogTemp: Display: Loaded TP IOSTargetPlatform
[2020.04.14-06.00.46:360][  0]LogTemp: Display: Loaded TP TVOSTargetPlatform
[2020.04.14-06.00.46:360][  0]LogTemp: Display: Loaded TP TVOSTargetPlatform
[2020.04.14-06.00.46:374][  0]LogTemp: Display: Loaded TP LinuxClientTargetPlatform
[2020.04.14-06.00.46:392][  0]LogTemp: Display: Loaded TP LinuxNoEditorTargetPlatform
[2020.04.14-06.00.46:406][  0]LogTemp: Display: Loaded TP LinuxServerTargetPlatform
[2020.04.14-06.00.46:422][  0]LogTemp: Display: Loaded TP LinuxTargetPlatform
[2020.04.14-06.00.46:433][  0]LogTemp: Display: Loaded TP LuminTargetPlatform
[2020.04.14-06.00.46:433][  0]LogTargetPlatformManager: Display: Building Assets For Windows
[2020.04.14-06.00.46:508][  0]LogXGEController: Cannot use XGE Controller as Incredibuild is not installed on this machine.
[2020.04.14-06.00.46:508][  0]LogShaderCompilers: Cannot use XGE Shader Compiler as Incredibuild is not installed on this machine.
[2020.04.14-06.00.46:508][  0]LogShaderCompilers: Display: Using Local Shader Compiler.
[2020.04.14-06.00.47:451][  0]LogDerivedDataCache: Display: Max Cache Size: 512 MB
[2020.04.14-06.00.47:536][  0]LogDerivedDataCache: Loaded boot cache 0.08s 71MB C:/Users/Angel Medrano G/AppData/Local/UnrealEngine/4.20/DerivedDataCache/Boot.ddc.
[2020.04.14-06.00.47:536][  0]LogDerivedDataCache: Display: Loaded Boot cache: C:/Users/Angel Medrano G/AppData/Local/UnrealEngine/4.20/DerivedDataCache/Boot.ddc
[2020.04.14-06.00.47:536][  0]LogDerivedDataCache: FDerivedDataBackendGraph:  Pak pak cache file ../../../../../../unreal/MyProject5/DerivedDataCache/DDC.ddp not found, will not use a pak cache.
[2020.04.14-06.00.47:536][  0]LogDerivedDataCache: Unable to find inner node Pak for hierarchical cache Hierarchy.
[2020.04.14-06.00.47:536][  0]LogDerivedDataCache: FDerivedDataBackendGraph:  CompressedPak pak cache file ../../../../../../unreal/MyProject5/DerivedDataCache/Compressed.ddp not found, will not use a pak cache.
[2020.04.14-06.00.47:536][  0]LogDerivedDataCache: Unable to find inner node CompressedPak for hierarchical cache Hierarchy.
[2020.04.14-06.00.47:554][  0]LogDerivedDataCache: Display: Pak cache opened for reading ../../../Engine/DerivedDataCache/Compressed.ddp.
[2020.04.14-06.00.47:567][  0]LogDerivedDataCache: Using Local data cache path C:/Users/Angel Medrano G/AppData/Local/UnrealEngine/Common/DerivedDataCache: Writable
[2020.04.14-06.00.47:567][  0]LogDerivedDataCache: Shared data cache path not found in *engine.ini, will not use an Shared cache.
[2020.04.14-06.00.47:567][  0]LogDerivedDataCache: Unable to find inner node Shared for hierarchical cache Hierarchy.
[2020.04.14-06.00.47:590][  0]LogMaterial: Verifying Global Shaders for PCD3D_SM5
[2020.04.14-06.00.47:591][  0]LogSlate: Using FreeType 2.6.0
[2020.04.14-06.00.47:592][  0]LogSlate: SlateFontServices - WITH_FREETYPE: 1, WITH_HARFBUZZ: 1
[2020.04.14-06.00.47:673][  0]LogAssetRegistry: FAssetRegistry took 0.0271 seconds to start up
[2020.04.14-06.00.48:099][  0]LogInit: Selected Device Profile: [Windows]
[2020.04.14-06.00.48:258][  0]LogSimplygon: Simplygon DLL not present - disabling.
[2020.04.14-06.00.48:262][  0]LogMeshReduction: Using SimplygonSwarm for distributed automatic mesh merging
[2020.04.14-06.00.48:262][  0]LogMeshReduction: Using ProxyLODMeshReduction for automatic mesh merging
[2020.04.14-06.00.48:262][  0]LogMeshReduction: Using QuadricMeshReduction for automatic static mesh reduction
[2020.04.14-06.00.48:262][  0]LogMeshReduction: No automatic skeletal mesh reduction module available
[2020.04.14-06.00.48:286][  0]LogNetVersion: MyProject5 1.0.0, NetCL: 4212847, EngineNetVer: 5, GameNetVer: 0 (Checksum: 391540008)
[2020.04.14-06.00.49:064][  0]LogPackageLocalizationCache: Processed 11 localized package path(s) for 1 prioritized culture(s) in 0.171244 seconds
[2020.04.14-06.00.49:072][  0]LogUObjectArray: 38425 objects as part of root set at end of initial load.
[2020.04.14-06.00.49:072][  0]LogUObjectAllocator: 6690864 out of 0 bytes used by permanent object pool.
[2020.04.14-06.00.49:072][  0]LogUObjectArray: CloseDisregardForGC: 0/0 objects in disregard for GC pool
[2020.04.14-06.00.50:062][  0]LogTcpMessaging: Initializing TcpMessaging bridge
[2020.04.14-06.00.50:076][  0]LogUdpMessaging: Initializing bridge on interface 0.0.0.0:0 to multicast group 230.0.0.1:6666.
[2020.04.14-06.00.50:234][  0]SourceControl: Source control is disabled
[2020.04.14-06.00.50:234][  0]SourceControl: Source control is disabled
[2020.04.14-06.00.50:235][  0]SourceControl: Source control is disabled
[2020.04.14-06.00.50:236][  0]SourceControl: Source control is disabled
[2020.04.14-06.00.50:410][  0]LogAndroidPermission: UAndroidPermissionCallbackProxy::GetInstance
[2020.04.14-06.00.50:469][  0]LogOcInput: OculusInput pre-init called
[2020.04.14-06.00.50:542][  0]LogEngine: Initializing Engine...
[2020.04.14-06.00.50:543][  0]LogHMD: Failed to initialize OpenVR with code 110
[2020.04.14-06.00.50:544][  0]LogStats: UGameplayTagsManager::ConstructGameplayTagTree: ImportINI prefixes -  0.000 s
[2020.04.14-06.00.50:544][  0]LogStats: UGameplayTagsManager::ConstructGameplayTagTree: Construct from data asset -  0.000 s
[2020.04.14-06.00.50:545][  0]LogStats: UGameplayTagsManager::ConstructGameplayTagTree: ImportINI -  0.000 s
[2020.04.14-06.00.50:545][  0]LogStats: UGameplayTagsManager::ConstructGameplayTagTree: GameplayTagTreeChangedEvent.Broadcast -  0.000 s
[2020.04.14-06.00.50:809][  0]LogInit: Initializing FReadOnlyCVARCache
[2020.04.14-06.00.50:827][  0]LogAIModule: Creating AISystem for world Untitled
[2020.04.14-06.00.50:838][  0]LogInit: XAudio2 using 'Altavoces / Auriculares (Realtek High Definition Audio)' : 2 channels at 48 kHz using 32 bits per sample (channel mask 0x3)
[2020.04.14-06.00.50:865][  0]LogInit: FAudioDevice initialized.
[2020.04.14-06.00.50:865][  0]LogNetVersion: Set ProjectVersion to 1.0.0.0. Version Checksum will be recalculated on next use.
[2020.04.14-06.00.51:013][  0]LogDerivedDataCache: Saved boot cache 0.15s 71MB C:/Users/Angel Medrano G/AppData/Local/UnrealEngine/4.20/DerivedDataCache/Boot.ddc.
[2020.04.14-06.00.51:026][  0]LogInit: Texture streaming: Enabled
[2020.04.14-06.00.51:050][  0]LogEngineSessionManager: EngineSessionManager initialized
[2020.04.14-06.00.51:095][  0]LogInit: Transaction tracking system initialized
[2020.04.14-06.00.51:126][  0]BlueprintLog: New page: Editor Load
[2020.04.14-06.00.51:228][  0]LocalizationService: Localization service is disabled
[2020.04.14-06.00.51:767][  0]LogCook: Display: Max memory allowance for cook 16384mb min free memory 0mb
[2020.04.14-06.00.51:767][  0]LogCook: Display: Mobile HDR setting 1
[2020.04.14-06.00.51:767][  0]LogGameplayTags: Display: UGameplayTagsManager::DoneAddingNativeTags. DelegateIsBound: 0
[2020.04.14-06.00.51:767][  0]LogStats: UGameplayTagsManager::ConstructGameplayTagTree: ImportINI prefixes -  0.000 s
[2020.04.14-06.00.51:767][  0]LogStats: UGameplayTagsManager::ConstructGameplayTagTree: Construct from data asset -  0.000 s
[2020.04.14-06.00.51:767][  0]LogStats: UGameplayTagsManager::ConstructGameplayTagTree: ImportINI -  0.000 s
[2020.04.14-06.00.51:767][  0]LogStats: UGameplayTagsManager::ConstructGameplayTagTree: GameplayTagTreeChangedEvent.Broadcast -  0.000 s
[2020.04.14-06.00.51:913][  0]LogFileCache: Scanning file cache for directory 'D:/unreal/MyProject5/Content/' took 0.06s
[2020.04.14-06.00.51:913][  0]SourceControl: Source control is disabled
[2020.04.14-06.00.51:913][  0]Cmd: MAP LOAD FILE="../../../../../../unreal/MyProject5/Content/ThirdPersonBP/Maps/ThirdPersonExampleMap.umap" TEMPLATE=0 SHOWPROGRESS=1 FEATURELEVEL=3
[2020.04.14-06.00.51:914][  0]LightingResults: New page: Lighting Build
[2020.04.14-06.00.51:917][  0]MapCheck: New page: Map Check
[2020.04.14-06.00.51:917][  0]LightingResults: New page: Lighting Build
[2020.04.14-06.00.57:159][  0]LogAIModule: Creating AISystem for world ThirdPersonExampleMap
[2020.04.14-06.00.57:393][  0]LogEditorServer: Finished looking for orphan Actors (0.000 secs)
[2020.04.14-06.00.57:448][  0]Cmd: MAP CHECKDEP NOCLEARLOG
[2020.04.14-06.00.57:525][  0]MapCheck: Map check complete: 0 Error(s), 0 Warning(s), took 76.477ms to complete.
[2020.04.14-06.00.57:525][  0]LogFileHelpers: Loading map 'ThirdPersonExampleMap' took 5.612
[2020.04.14-06.00.58:018][  0]LogSlate: Updating window title bar state: overlay mode, drag disabled, window buttons hidden, title bar hidden
[2020.04.14-06.00.58:046][  0]LogSlate: Updating window title bar state: overlay mode, drag disabled, window buttons hidden, title bar hidden
[2020.04.14-06.00.58:056][  0]LogSlate: Updating window title bar state: overlay mode, drag disabled, window buttons hidden, title bar hidden
[2020.04.14-06.00.58:067][  0]LogSlate: Updating window title bar state: overlay mode, drag disabled, window buttons hidden, title bar hidden
[2020.04.14-06.00.58:171][  0]LogCollectionManager: Loaded 0 collections in 0.002551 seconds
[2020.04.14-06.00.58:325][  0]LogFileCache: Scanning file cache for directory 'D:/unreal/MyProject5/Saved/Collections/' took 0.01s
[2020.04.14-06.00.58:325][  0]LogFileCache: Scanning file cache for directory 'D:/unreal/MyProject5/Content/Developers/AngelMedranoG/Collections/' took 0.01s
[2020.04.14-06.00.58:326][  0]LogFileCache: Scanning file cache for directory 'D:/unreal/MyProject5/Content/Collections/' took 0.01s
[2020.04.14-06.00.58:326][  0]LogCollectionManager: Rebuilt the GUID cache for 0 collections in 0.000000 seconds
[2020.04.14-06.00.58:364][  0]LogContentBrowser: Native class hierarchy populated in 0.0122 seconds. Added 2572 classes and 603 folders.
[2020.04.14-06.00.58:433][  0]LogContentBrowser: Native class hierarchy updated for 'WidgetCarousel' in 0.0004 seconds. Added 0 classes and 0 folders.
[2020.04.14-06.00.59:950][  0]LogContentBrowser: Native class hierarchy updated for 'AddContentDialog' in 0.0005 seconds. Added 0 classes and 0 folders.
[2020.04.14-06.01.00:038][  0]LogContentBrowser: Native class hierarchy updated for 'SceneOutliner' in 0.0004 seconds. Added 1 classes and 2 folders.
[2020.04.14-06.01.00:456][  0]LogSlate: Took 0.000403 seconds to synchronously load lazily loaded font '../../../Engine/Content/Slate/Fonts/Roboto-Regular.ttf' (155K)
[2020.04.14-06.01.00:459][  0]LogSlate: Took 0.000343 seconds to synchronously load lazily loaded font '../../../Engine/Content/Slate/Fonts/Roboto-Bold.ttf' (160K)
[2020.04.14-06.01.00:525][  0]LogSlate: Took 0.022312 seconds to synchronously load lazily loaded font '../../../Engine/Content/Editor/Slate/Fonts/FontAwesome.ttf' (139K)
[2020.04.14-06.01.01:035][  0]LogRenderer: Reallocating scene render targets to support 800x504 Format 9 NumSamples 1 (Frame:1).
[2020.04.14-06.01.01:456][  0]LogContentBrowser: Native class hierarchy updated for 'HierarchicalLODOutliner' in 0.0003 seconds. Added 0 classes and 0 folders.
[2020.04.14-06.01.01:456][  0]LogLoad: (Engine Initialization) Total time: 19.75 seconds
[2020.04.14-06.01.01:456][  0]LogLoad: (Engine Initialization) Total Blueprint compile time: 0.00 seconds
[2020.04.14-06.01.01:514][  0]LogContentStreaming: Texture pool size now 800 MB
[2020.04.14-06.01.01:639][  0]LogSlate: Took 0.017144 seconds to synchronously load lazily loaded font '../../../Engine/Content/Slate/Fonts/Roboto-Light.ttf' (167K)
[2020.04.14-06.01.01:717][  1]LogD3D11RHI: Error: agsDriverExtensionsDX11_SetDepthBounds(1,0.000000, 1.000000) returned error code 6. **********PLEASE UPDATE YOUR VIDEO DRIVERS*********
[2020.04.14-06.01.01:717][  1]LogAssetRegistry: Asset discovery search completed in 14.0667 seconds
[2020.04.14-06.01.01:719][  1]LogCollectionManager: Rebuilt the object cache for 0 collections in 0.000001 seconds (found 0 objects)
[2020.04.14-06.01.01:719][  1]LogCollectionManager: Fixed up redirectors for 0 collections in 0.000075 seconds (updated 0 objects)
[2020.04.14-06.01.02:715][  4]LogSlate: Took 0.000305 seconds to synchronously load lazily loaded font '../../../Engine/Content/Slate/Fonts/Roboto-Light.ttf' (167K)
[2020.04.14-06.01.12:026][201]LogSlate: FSceneViewport::OnFocusLost() reason 0
[2020.04.14-06.01.24:863][271]LogSlate: FSceneViewport::OnFocusLost() reason 0
[2020.04.14-06.01.24:927][271]LogTemp: Repeating last play command: Selected Viewport
[2020.04.14-06.01.24:965][271]LogBlueprintUserMessages: Early PlayInEditor Detection: Level '/Game/ThirdPersonBP/Maps/ThirdPersonExampleMap.ThirdPersonExampleMap:PersistentLevel' has LevelScriptBlueprint '/Game/ThirdPersonBP/Maps/ThirdPersonExampleMap.ThirdPersonExampleMap:PersistentLevel.ThirdPersonExampleMap' with GeneratedClass '/Game/ThirdPersonBP/Maps/ThirdPersonExampleMap.ThirdPersonExampleMap_C' with ClassGeneratedBy '/Game/ThirdPersonBP/Maps/ThirdPersonExampleMap.ThirdPersonExampleMap:PersistentLevel.ThirdPersonExampleMap'
[2020.04.14-06.01.24:965][271]LogPlayLevel: PlayLevel: No blueprints needed recompiling
[2020.04.14-06.01.25:043][271]PIE: New page: PIE session: ThirdPersonExampleMap (Apr 13, 2020, 8:01:24 PM)
[2020.04.14-06.01.25:043][271]LogPlayLevel: Creating play world package: /Game/ThirdPersonBP/Maps/UEDPIE_0_ThirdPersonExampleMap
[2020.04.14-06.01.25:094][271]LogPlayLevel: PIE: StaticDuplicateObject took: (0.050873s)
[2020.04.14-06.01.25:095][271]LogAIModule: Creating AISystem for world ThirdPersonExampleMap
[2020.04.14-06.01.25:095][271]LogPlayLevel: PIE: World Init took: (0.000843s)
[2020.04.14-06.01.25:095][271]LogPlayLevel: PIE: Created PIE world by copying editor world from /Game/ThirdPersonBP/Maps/ThirdPersonExampleMap.ThirdPersonExampleMap to /Game/ThirdPersonBP/Maps/UEDPIE_0_ThirdPersonExampleMap.ThirdPersonExampleMap (0.051910s)
[2020.04.14-06.01.25:149][271]LogInit: XAudio2 using 'Altavoces / Auriculares (Realtek High Definition Audio)' : 2 channels at 48 kHz using 32 bits per sample (channel mask 0x3)
[2020.04.14-06.01.25:170][271]LogInit: FAudioDevice initialized.
[2020.04.14-06.01.25:248][271]LogLoad: Game class is 'ThirdPersonGameMode_C'
[2020.04.14-06.01.25:287][271]LogWorld: Bringing World /Game/ThirdPersonBP/Maps/UEDPIE_0_ThirdPersonExampleMap.ThirdPersonExampleMap up for play (max tick rate 0) at 2020.04.14-01.01.25
[2020.04.14-06.01.25:395][271]LogWorld: Bringing up level for play took: 0.118869
[2020.04.14-06.01.25:504][271]LogContentBrowser: Native class hierarchy updated for 'MovieSceneCapture' in 0.0004 seconds. Added 10 classes and 0 folders.
[2020.04.14-06.01.25:513][271]PIE: Play in editor start time for /Game/ThirdPersonBP/Maps/UEDPIE_0_ThirdPersonExampleMap 1.356
[2020.04.14-06.01.25:513][271]LogBlueprintUserMessages: Late PlayInEditor Detection: Level '/Game/ThirdPersonBP/Maps/ThirdPersonExampleMap.ThirdPersonExampleMap:PersistentLevel' has LevelScriptBlueprint '/Game/ThirdPersonBP/Maps/ThirdPersonExampleMap.ThirdPersonExampleMap:PersistentLevel.ThirdPersonExampleMap' with GeneratedClass '/Game/ThirdPersonBP/Maps/ThirdPersonExampleMap.ThirdPersonExampleMap_C' with ClassGeneratedBy '/Game/ThirdPersonBP/Maps/ThirdPersonExampleMap.ThirdPersonExampleMap:PersistentLevel.ThirdPersonExampleMap'
[2020.04.14-06.02.00:374][ 93]LogBlueprintUserMessages: [Enemigo_2] Deja de hacer ruido
[2020.04.14-06.02.07:312][260]LogBlueprintUserMessages: Early EndPlayMap Detection: Level '/Game/ThirdPersonBP/Maps/ThirdPersonExampleMap.ThirdPersonExampleMap:PersistentLevel' has LevelScriptBlueprint '/Game/ThirdPersonBP/Maps/ThirdPersonExampleMap.ThirdPersonExampleMap:PersistentLevel.ThirdPersonExampleMap' with GeneratedClass '/Game/ThirdPersonBP/Maps/ThirdPersonExampleMap.ThirdPersonExampleMap_C' with ClassGeneratedBy '/Game/ThirdPersonBP/Maps/ThirdPersonExampleMap.ThirdPersonExampleMap:PersistentLevel.ThirdPersonExampleMap'
[2020.04.14-06.02.07:328][260]LogSlate: Updating window title bar state: overlay mode, drag disabled, window buttons hidden, title bar hidden
[2020.04.14-06.02.07:388][260]LogPlayLevel: Display: Shutting down PIE online subsystems
[2020.04.14-06.02.07:388][260]LogBlueprintUserMessages: Late EndPlayMap Detection: Level '/Game/ThirdPersonBP/Maps/ThirdPersonExampleMap.ThirdPersonExampleMap:PersistentLevel' has LevelScriptBlueprint '/Game/ThirdPersonBP/Maps/ThirdPersonExampleMap.ThirdPersonExampleMap:PersistentLevel.ThirdPersonExampleMap' with GeneratedClass '/Game/ThirdPersonBP/Maps/ThirdPersonExampleMap.ThirdPersonExampleMap_C' with ClassGeneratedBy '/Game/ThirdPersonBP/Maps/ThirdPersonExampleMap.ThirdPersonExampleMap:PersistentLevel.ThirdPersonExampleMap'
[2020.04.14-06.02.07:413][260]LogSlate: Updating window title bar state: overlay mode, drag disabled, window buttons hidden, title bar hidden
[2020.04.14-06.02.07:473][261]LogPlayLevel: Display: Destroying online subsystem :Context_3
[2020.04.14-06.02.12:304][317]LogSlate: FSceneViewport::OnFocusLost() reason 0
[2020.04.14-06.02.12:351][318]LogTemp: Repeating last play command: Selected Viewport
[2020.04.14-06.02.12:368][318]LogBlueprintUserMessages: Early PlayInEditor Detection: Level '/Game/ThirdPersonBP/Maps/ThirdPersonExampleMap.ThirdPersonExampleMap:PersistentLevel' has LevelScriptBlueprint '/Game/ThirdPersonBP/Maps/ThirdPersonExampleMap.ThirdPersonExampleMap:PersistentLevel.ThirdPersonExampleMap' with GeneratedClass '/Game/ThirdPersonBP/Maps/ThirdPersonExampleMap.ThirdPersonExampleMap_C' with ClassGeneratedBy '/Game/ThirdPersonBP/Maps/ThirdPersonExampleMap.ThirdPersonExampleMap:PersistentLevel.ThirdPersonExampleMap'
[2020.04.14-06.02.12:368][318]LogPlayLevel: PlayLevel: No blueprints needed recompiling
[2020.04.14-06.02.12:369][318]PIE: New page: PIE session: ThirdPersonExampleMap (Apr 13, 2020, 8:02:12 PM)
[2020.04.14-06.02.12:369][318]LogPlayLevel: Creating play world package: /Game/ThirdPersonBP/Maps/UEDPIE_0_ThirdPersonExampleMap
[2020.04.14-06.02.12:382][318]LogPlayLevel: PIE: StaticDuplicateObject took: (0.013436s)
[2020.04.14-06.02.12:383][318]LogAIModule: Creating AISystem for world ThirdPersonExampleMap
[2020.04.14-06.02.12:384][318]LogPlayLevel: PIE: World Init took: (0.001603s)
[2020.04.14-06.02.12:384][318]LogPlayLevel: PIE: Created PIE world by copying editor world from /Game/ThirdPersonBP/Maps/ThirdPersonExampleMap.ThirdPersonExampleMap to /Game/ThirdPersonBP/Maps/UEDPIE_0_ThirdPersonExampleMap.ThirdPersonExampleMap (0.015267s)
[2020.04.14-06.02.12:412][318]LogInit: XAudio2 using 'Altavoces / Auriculares (Realtek High Definition Audio)' : 2 channels at 48 kHz using 32 bits per sample (channel mask 0x3)
[2020.04.14-06.02.12:436][318]LogInit: FAudioDevice initialized.
[2020.04.14-06.02.12:480][318]LogLoad: Game class is 'ThirdPersonGameMode_C'
[2020.04.14-06.02.12:484][318]LogWorld: Bringing World /Game/ThirdPersonBP/Maps/UEDPIE_0_ThirdPersonExampleMap.ThirdPersonExampleMap up for play (max tick rate 0) at 2020.04.14-01.02.12
[2020.04.14-06.02.12:485][318]LogWorld: Bringing up level for play took: 0.004257
[2020.04.14-06.02.12:498][318]PIE: Play in editor start time for /Game/ThirdPersonBP/Maps/UEDPIE_0_ThirdPersonExampleMap 0.342
[2020.04.14-06.02.12:499][318]LogBlueprintUserMessages: Late PlayInEditor Detection: Level '/Game/ThirdPersonBP/Maps/ThirdPersonExampleMap.ThirdPersonExampleMap:PersistentLevel' has LevelScriptBlueprint '/Game/ThirdPersonBP/Maps/ThirdPersonExampleMap.ThirdPersonExampleMap:PersistentLevel.ThirdPersonExampleMap' with GeneratedClass '/Game/ThirdPersonBP/Maps/ThirdPersonExampleMap.ThirdPersonExampleMap_C' with ClassGeneratedBy '/Game/ThirdPersonBP/Maps/ThirdPersonExampleMap.ThirdPersonExampleMap:PersistentLevel.ThirdPersonExampleMap'
[2020.04.14-06.02.26:600][647]LogBlueprintUserMessages: Early EndPlayMap Detection: Level '/Game/ThirdPersonBP/Maps/ThirdPersonExampleMap.ThirdPersonExampleMap:PersistentLevel' has LevelScriptBlueprint '/Game/ThirdPersonBP/Maps/ThirdPersonExampleMap.ThirdPersonExampleMap:PersistentLevel.ThirdPersonExampleMap' with GeneratedClass '/Game/ThirdPersonBP/Maps/ThirdPersonExampleMap.ThirdPersonExampleMap_C' with ClassGeneratedBy '/Game/ThirdPersonBP/Maps/ThirdPersonExampleMap.ThirdPersonExampleMap:PersistentLevel.ThirdPersonExampleMap'
[2020.04.14-06.02.26:600][647]LogSlate: Updating window title bar state: overlay mode, drag disabled, window buttons hidden, title bar hidden
[2020.04.14-06.02.26:675][647]LogPlayLevel: Display: Shutting down PIE online subsystems
[2020.04.14-06.02.26:675][647]LogBlueprintUserMessages: Late EndPlayMap Detection: Level '/Game/ThirdPersonBP/Maps/ThirdPersonExampleMap.ThirdPersonExampleMap:PersistentLevel' has LevelScriptBlueprint '/Game/ThirdPersonBP/Maps/ThirdPersonExampleMap.ThirdPersonExampleMap:PersistentLevel.ThirdPersonExampleMap' with GeneratedClass '/Game/ThirdPersonBP/Maps/ThirdPersonExampleMap.ThirdPersonExampleMap_C' with ClassGeneratedBy '/Game/ThirdPersonBP/Maps/ThirdPersonExampleMap.ThirdPersonExampleMap:PersistentLevel.ThirdPersonExampleMap'
[2020.04.14-06.02.26:702][647]LogSlate: Updating window title bar state: overlay mode, drag disabled, window buttons hidden, title bar hidden
[2020.04.14-06.02.26:750][648]LogPlayLevel: Display: Destroying online subsystem :Context_4
[2020.04.14-06.04.54:471][124]LogSlate: FSceneViewport::OnFocusLost() reason 0
[2020.04.14-06.04.57:145][177]LogEditorViewport: Clicking on Actor (LMB): StaticMeshActor (Floor)
[2020.04.14-06.05.05:076][209]LogSlate: FSceneViewport::OnFocusLost() reason 0
[2020.04.14-06.05.05:437][209]LogSlate: Window 'MyProject5 - Unreal Editor' being destroyed
[2020.04.14-06.05.05:438][209]LogWindowsTextInputMethodSystem: Display: IME system now deactivated.
[2020.04.14-06.05.05:706][210]Cmd: QUIT_EDITOR
[2020.04.14-06.05.06:557][210]LogExit: Preparing to exit.
[2020.04.14-06.05.07:246][210]LogExit: Editor shut down
[2020.04.14-06.05.07:246][210]LogExit: Transaction tracking system shut down
[2020.04.14-06.05.07:750][210]LogExit: Object subsystem successfully closed.
[2020.04.14-06.05.07:770][210]LogShaderCompilers: Display: Shaders left to compile 0
[2020.04.14-06.05.07:773][210]LogD3D11RHI: Shutdown
[2020.04.14-06.05.07:774][210]LogD3D11RHI: CleanupD3DDevice
[2020.04.14-06.05.07:786][210]LogD3D11RHI: ~FD3D11DynamicRHI
[2020.04.14-06.05.07:810][210]LogModuleManager: Shutting down and abandoning module MovieSceneCapture (614)
[2020.04.14-06.05.07:810][210]LogModuleManager: Shutting down and abandoning module Voice (612)
[2020.04.14-06.05.07:811][210]LogModuleManager: Shutting down and abandoning module HierarchicalLODOutliner (610)
[2020.04.14-06.05.07:811][210]LogModuleManager: Shutting down and abandoning module SceneOutliner (608)
[2020.04.14-06.05.07:811][210]LogModuleManager: Shutting down and abandoning module AddContentDialog (606)
[2020.04.14-06.05.07:811][210]LogModuleManager: Shutting down and abandoning module WidgetCarousel (605)
[2020.04.14-06.05.07:811][210]LogModuleManager: Shutting down and abandoning module EditorWidgets (602)
[2020.04.14-06.05.07:811][210]LogModuleManager: Shutting down and abandoning module CollectionManager (600)
[2020.04.14-06.05.07:811][210]LogModuleManager: Shutting down and abandoning module StatsViewer (598)
[2020.04.14-06.05.07:811][210]LogModuleManager: Shutting down and abandoning module FoliageEdit (596)
[2020.04.14-06.05.07:811][210]LogModuleManager: Shutting down and abandoning module LandscapeEditor (594)
[2020.04.14-06.05.07:811][210]LogModuleManager: Shutting down and abandoning module MeshPaintMode (592)
[2020.04.14-06.05.07:811][210]LogModuleManager: Shutting down and abandoning module SceneDepthPickerMode (590)
[2020.04.14-06.05.07:811][210]LogModuleManager: Shutting down and abandoning module ActorPickerMode (588)
[2020.04.14-06.05.07:811][210]LogModuleManager: Shutting down and abandoning module GeometryMode (586)
[2020.04.14-06.05.07:811][210]LogModuleManager: Shutting down and abandoning module TextureAlignMode (584)
[2020.04.14-06.05.07:811][210]LogModuleManager: Shutting down and abandoning module BspMode (582)
[2020.04.14-06.05.07:812][210]LogModuleManager: Shutting down and abandoning module PIEPreviewDeviceProfileSelector (580)
[2020.04.14-06.05.07:812][210]LogModuleManager: Shutting down and abandoning module SequenceRecorderSections (578)
[2020.04.14-06.05.07:812][210]LogModuleManager: Shutting down and abandoning module AutomationWorker (576)
[2020.04.14-06.05.07:812][210]LogModuleManager: Shutting down and abandoning module AudioCaptureEditor (574)
[2020.04.14-06.05.07:812][210]LogModuleManager: Shutting down and abandoning module SequenceRecorder (573)
[2020.04.14-06.05.07:812][210]LogModuleManager: Shutting down and abandoning module MatineeToLevelSequence (570)
[2020.04.14-06.05.07:812][210]LogModuleManager: Shutting down and abandoning module LevelSequenceEditor (568)
[2020.04.14-06.05.07:812][210]LogModuleManager: Shutting down and abandoning module PlacementMode (567)
[2020.04.14-06.05.07:812][210]LogModuleManager: Shutting down and abandoning module MaterialEditor (566)
[2020.04.14-06.05.07:812][210]LogModuleManager: Shutting down and abandoning module WmfMediaFactory (562)
[2020.04.14-06.05.07:812][210]LogModuleManager: Shutting down and abandoning module WmfMediaEditor (560)
[2020.04.14-06.05.07:812][210]LogModuleManager: Shutting down and abandoning module MediaPlayerEditor (558)
[2020.04.14-06.05.07:812][210]LogModuleManager: Shutting down and abandoning module OpenExrWrapper (556)
[2020.04.14-06.05.07:812][210]LogModuleManager: Shutting down and abandoning module ImgMediaFactory (554)
[2020.04.14-06.05.07:812][210]LogModuleManager: Shutting down and abandoning module ImgMediaEditor (552)
[2020.04.14-06.05.07:812][210]LogModuleManager: Shutting down and abandoning module AvfMediaFactory (550)
[2020.04.14-06.05.07:812][210]LogModuleManager: Shutting down and abandoning module AvfMediaEditor (548)
[2020.04.14-06.05.07:812][210]LogModuleManager: Shutting down and abandoning module AndroidMediaFactory (546)
[2020.04.14-06.05.07:812][210]LogModuleManager: Shutting down and abandoning module AndroidMediaEditor (544)
[2020.04.14-06.05.07:812][210]LogModuleManager: Shutting down and abandoning module MagicLeapCameraPreviewFactory (542)
[2020.04.14-06.05.07:812][210]LogModuleManager: Shutting down and abandoning module MagicLeapMediaFactory (540)
[2020.04.14-06.05.07:812][210]LogModuleManager: Shutting down and abandoning module MagicLeapMediaEditor (538)
[2020.04.14-06.05.07:812][210]LogModuleManager: Shutting down and abandoning module CharacterAI (536)
[2020.04.14-06.05.07:812][210]LogModuleManager: Shutting down and abandoning module SmartSnapping (534)
[2020.04.14-06.05.07:812][210]LogModuleManager: Shutting down and abandoning module SessionServices (532)
[2020.04.14-06.05.07:812][210]LogModuleManager: Shutting down and abandoning module ViewportSnapping (530)
[2020.04.14-06.05.07:812][210]LogModuleManager: Shutting down and abandoning module ViewportInteraction (528)
[2020.04.14-06.05.07:812][210]LogModuleManager: Shutting down and abandoning module ClothPainter (526)
[2020.04.14-06.05.07:812][210]LogModuleManager: Shutting down and abandoning module SkeletalMeshEditor (525)
[2020.04.14-06.05.07:812][210]LogModuleManager: Shutting down and abandoning module LogVisualizer (522)
[2020.04.14-06.05.07:813][210]LogModuleManager: Shutting down and abandoning module IntroTutorials (520)
[2020.04.14-06.05.07:813][210]LogModuleManager: Shutting down and abandoning module GameProjectGeneration (519)
[2020.04.14-06.05.07:813][210]LogModuleManager: Shutting down and abandoning module LuminPlatformEditor (516)
[2020.04.14-06.05.07:813][210]LogModuleManager: Shutting down and abandoning module IOSPlatformEditor (514)
[2020.04.14-06.05.07:813][210]LogModuleManager: Shutting down and abandoning module HTML5PlatformEditor (512)
[2020.04.14-06.05.07:813][210]LogModuleManager: Shutting down and abandoning module AndroidPlatformEditor (510)
[2020.04.14-06.05.07:813][210]LogModuleManager: Shutting down and abandoning module AndroidDeviceDetection (509)
[2020.04.14-06.05.08:414][210]LogModuleManager: Shutting down and abandoning module WindowsPlatformEditor (506)
[2020.04.14-06.05.08:414][210]LogModuleManager: Shutting down and abandoning module LuminRuntimeSettings (504)
[2020.04.14-06.05.08:414][210]LogModuleManager: Shutting down and abandoning module IOSRuntimeSettings (502)
[2020.04.14-06.05.08:414][210]LogModuleManager: Shutting down and abandoning module AndroidRuntimeSettings (500)
[2020.04.14-06.05.08:414][210]LogModuleManager: Shutting down and abandoning module InputBindingEditor (498)
[2020.04.14-06.05.08:414][210]LogModuleManager: Shutting down and abandoning module MergeActors (496)
[2020.04.14-06.05.08:414][210]LogModuleManager: Shutting down and abandoning module LocalizationDashboard (494)
[2020.04.14-06.05.08:415][210]LogModuleManager: Shutting down and abandoning module LocalizationService (493)
[2020.04.14-06.05.08:415][210]LogModuleManager: Shutting down and abandoning module HardwareTargeting (490)
[2020.04.14-06.05.08:415][210]LogModuleManager: Shutting down and abandoning module DeviceProfileEditor (488)
[2020.04.14-06.05.08:415][210]LogModuleManager: Shutting down and abandoning module UndoHistory (486)
[2020.04.14-06.05.08:415][210]LogModuleManager: Shutting down and abandoning module XmlParser (484)
[2020.04.14-06.05.08:415][210]LogModuleManager: Shutting down and abandoning module Blutility (482)
[2020.04.14-06.05.08:415][210]LogModuleManager: Shutting down and abandoning module ProjectSettingsViewer (480)
[2020.04.14-06.05.08:415][210]LogModuleManager: Shutting down and abandoning module ProjectTargetPlatformEditor (479)
[2020.04.14-06.05.08:415][210]LogModuleManager: Shutting down and abandoning module EditorSettingsViewer (476)
[2020.04.14-06.05.08:415][210]LogModuleManager: Shutting down and abandoning module SettingsEditor (474)
[2020.04.14-06.05.08:415][210]LogModuleManager: Shutting down and abandoning module ProjectLauncher (472)
[2020.04.14-06.05.08:415][210]LogModuleManager: Shutting down and abandoning module SessionFrontend (470)
[2020.04.14-06.05.08:415][210]LogModuleManager: Shutting down and abandoning module ProfilerClient (468)
[2020.04.14-06.05.08:415][210]LogModuleManager: Shutting down and abandoning module DeviceManager (466)
[2020.04.14-06.05.08:415][210]LogModuleManager: Shutting down and abandoning module TargetDeviceServices (465)
[2020.04.14-06.05.08:470][210]LogModuleManager: Shutting down and abandoning module AutomationController (462)
[2020.04.14-06.05.08:470][210]LogModuleManager: Shutting down and abandoning module AutomationWindow (460)
[2020.04.14-06.05.08:470][210]LogModuleManager: Shutting down and abandoning module Layers (458)
[2020.04.14-06.05.08:470][210]LogModuleManager: Shutting down and abandoning module ComponentVisualizers (456)
[2020.04.14-06.05.08:470][210]LogModuleManager: Shutting down and abandoning module DetailCustomizations (454)
[2020.04.14-06.05.08:470][210]LogModuleManager: Shutting down and abandoning module PackagesDialog (452)
[2020.04.14-06.05.08:470][210]LogModuleManager: Shutting down and abandoning module Persona (450)
[2020.04.14-06.05.08:470][210]LogModuleManager: Shutting down and abandoning module AdvancedPreviewScene (449)
[2020.04.14-06.05.08:470][210]LogModuleManager: Shutting down and abandoning module AnimGraph (447)
[2020.04.14-06.05.08:470][210]LogModuleManager: Shutting down and abandoning module Kismet (444)
[2020.04.14-06.05.08:470][210]LogModuleManager: Shutting down and abandoning module GraphEditor (442)
[2020.04.14-06.05.08:471][210]LogModuleManager: Shutting down and abandoning module ClassViewer (440)
[2020.04.14-06.05.08:471][210]LogModuleManager: Shutting down and abandoning module Toolbox (438)
[2020.04.14-06.05.08:471][210]LogModuleManager: Shutting down and abandoning module ModuleUI (436)
[2020.04.14-06.05.08:471][210]LogModuleManager: Shutting down and abandoning module MovieSceneTools (434)
[2020.04.14-06.05.08:471][210]LogModuleManager: Shutting down and abandoning module OutputLog (432)
[2020.04.14-06.05.08:471][210]LogModuleManager: Shutting down and abandoning module GammaUI (430)
[2020.04.14-06.05.08:471][210]LogModuleManager: Shutting down and abandoning module Documentation (428)
[2020.04.14-06.05.08:471][210]LogModuleManager: Shutting down and abandoning module MovieSceneTracks (426)
[2020.04.14-06.05.08:471][210]LogModuleManager: Shutting down and abandoning module MovieScene (424)
[2020.04.14-06.05.08:471][210]LogModuleManager: Shutting down and abandoning module StreamingPauseRendering (422)
[2020.04.14-06.05.08:471][210]LogModuleManager: Shutting down and abandoning module LauncherPlatform (420)
[2020.04.14-06.05.08:471][210]LogModuleManager: Shutting down and abandoning module AnalyticsET (418)
[2020.04.14-06.05.08:471][210]LogModuleManager: Shutting down and abandoning module PortalServices (416)
[2020.04.14-06.05.08:471][210]LogModuleManager: Shutting down and abandoning module PortalRpc (414)
[2020.04.14-06.05.08:471][210]LogModuleManager: Shutting down and abandoning module MessagingRpc (412)
[2020.04.14-06.05.08:471][210]LogModuleManager: Shutting down and abandoning module AIModule (410)
[2020.04.14-06.05.08:471][210]LogModuleManager: Shutting down and abandoning module GameplayDebugger (409)
[2020.04.14-06.05.08:471][210]LogModuleManager: Shutting down and abandoning module AITestSuite (407)
[2020.04.14-06.05.08:471][210]LogModuleManager: Shutting down and abandoning module NavigationSystem (405)
[2020.04.14-06.05.08:471][210]LogModuleManager: Shutting down and abandoning module DesktopPlatform (402)
[2020.04.14-06.05.08:471][210]LogModuleManager: Shutting down and abandoning module ProfilerService (400)
[2020.04.14-06.05.08:697][210]LogModuleManager: Shutting down and abandoning module TaskGraph (398)
[2020.04.14-06.05.08:697][210]LogModuleManager: Shutting down and abandoning module SteamVRController (396)
[2020.04.14-06.05.08:697][210]LogModuleManager: Shutting down and abandoning module ProceduralMeshComponentEditor (394)
[2020.04.14-06.05.08:697][210]LogModuleManager: Shutting down and abandoning module ProceduralMeshComponent (392)
[2020.04.14-06.05.08:697][210]LogModuleManager: Shutting down and abandoning module OculusInput (390)
[2020.04.14-06.05.08:697][210]LogModuleManager: Shutting down and abandoning module MobilePatchingUtils (388)
[2020.04.14-06.05.08:697][210]LogModuleManager: Shutting down and abandoning module EditableMesh (386)
[2020.04.14-06.05.08:697][210]LogModuleManager: Shutting down and abandoning module CustomMeshComponent (384)
[2020.04.14-06.05.08:697][210]LogModuleManager: Shutting down and abandoning module CableComponent (382)
[2020.04.14-06.05.08:698][210]LogModuleManager: Shutting down and abandoning module AudioCapture (380)
[2020.04.14-06.05.08:698][210]LogModuleManager: Shutting down and abandoning module ArchVisCharacter (378)
[2020.04.14-06.05.08:698][210]LogModuleManager: Shutting down and abandoning module AndroidPermission (376)
[2020.04.14-06.05.08:698][210]LogModuleManager: Shutting down and abandoning module NUTUnrealEngine4 (374)
[2020.04.14-06.05.08:698][210]LogModuleManager: Shutting down and abandoning module NetcodeUnitTest (372)
[2020.04.14-06.05.08:698][210]LogModuleManager: Shutting down and abandoning module MediaCompositingEditor (370)
[2020.04.14-06.05.08:698][210]LogModuleManager: Shutting down and abandoning module MediaCompositing (368)
[2020.04.14-06.05.08:698][210]LogModuleManager: Shutting down and abandoning module LinearTimecode (366)
[2020.04.14-06.05.08:698][210]LogModuleManager: Shutting down and abandoning module ImgMedia (364)
[2020.04.14-06.05.08:700][210]LogModuleManager: Shutting down and abandoning module HTML5Networking (362)
[2020.04.14-06.05.08:701][210]LogModuleManager: Shutting down and abandoning module GeometryCacheTracks (360)
[2020.04.14-06.05.08:701][210]LogModuleManager: Shutting down and abandoning module GeometryCacheSequencer (358)
[2020.04.14-06.05.08:701][210]LogModuleManager: Shutting down and abandoning module BackChannel (356)
[2020.04.14-06.05.08:701][210]LogModuleManager: Shutting down and abandoning module AppleVision (354)
[2020.04.14-06.05.08:701][210]LogModuleManager: Shutting down and abandoning module AppleImageUtils (352)
[2020.04.14-06.05.08:701][210]LogModuleManager: Shutting down and abandoning module AlembicImporter (350)
[2020.04.14-06.05.08:701][210]LogModuleManager: Shutting down and abandoning module AlembicLibrary (349)
[2020.04.14-06.05.08:701][210]LogModuleManager: Shutting down and abandoning module GeometryCache (348)
[2020.04.14-06.05.08:701][210]LogModuleManager: Shutting down and abandoning module GeometryCacheEd (347)
[2020.04.14-06.05.08:701][210]LogModuleManager: Shutting down and abandoning module DatasmithContentEditor (342)
[2020.04.14-06.05.08:701][210]LogModuleManager: Shutting down and abandoning module DatasmithContent (340)
[2020.04.14-06.05.08:701][210]LogModuleManager: Shutting down and abandoning module SpeedTreeImporter (338)
[2020.04.14-06.05.08:701][210]LogModuleManager: Shutting down and abandoning module PluginBrowser (336)
[2020.04.14-06.05.08:701][210]LogModuleManager: Shutting down and abandoning module MobileLauncherProfileWizard (334)
[2020.04.14-06.05.08:701][210]LogModuleManager: Shutting down and abandoning module PolygonModeling (332)
[2020.04.14-06.05.08:701][210]LogModuleManager: Shutting down and abandoning module MeshEditor (330)
[2020.04.14-06.05.08:701][210]LogModuleManager: Shutting down and abandoning module CryptoKeysOpenSSL (328)
[2020.04.14-06.05.08:701][210]LogModuleManager: Shutting down and abandoning module CryptoKeys (326)
[2020.04.14-06.05.08:701][210]LogModuleManager: Shutting down and abandoning module VisualStudioSourceCodeAccess (324)
[2020.04.14-06.05.08:701][210]LogModuleManager: Shutting down and abandoning module VisualStudioCodeSourceCodeAccess (322)
[2020.04.14-06.05.08:701][210]LogModuleManager: Shutting down and abandoning module UObjectPlugin (320)
[2020.04.14-06.05.08:701][210]LogModuleManager: Shutting down and abandoning module SubversionSourceControl (318)
[2020.04.14-06.05.08:701][210]LogModuleManager: Shutting down and abandoning module PerforceSourceControl (316)
[2020.04.14-06.05.08:702][210]LogModuleManager: Shutting down and abandoning module GitSourceControl (314)
[2020.04.14-06.05.08:702][210]LogModuleManager: Shutting down and abandoning module SourceControl (313)
[2020.04.14-06.05.08:702][210]LogModuleManager: Shutting down and abandoning module CLionSourceCodeAccess (310)
[2020.04.14-06.05.08:702][210]LogModuleManager: Shutting down and abandoning module LightPropagationVolumeEditor (308)
[2020.04.14-06.05.08:702][210]LogModuleManager: Shutting down and abandoning module PaperTiledImporter (306)
[2020.04.14-06.05.08:702][210]LogModuleManager: Shutting down and abandoning module PaperSpriteSheetImporter (304)
[2020.04.14-06.05.08:702][210]LogModuleManager: Shutting down and abandoning module Paper2DEditor (302)
[2020.04.14-06.05.08:702][210]LogModuleManager: Shutting down and abandoning module MeshPaint (301)
[2020.04.14-06.05.08:702][210]LogModuleManager: Shutting down and abandoning module RuntimePhysXCooking (298)
[2020.04.14-06.05.08:702][210]LogModuleManager: Shutting down and abandoning module PhysXVehiclesEditor (296)
[2020.04.14-06.05.08:702][210]LogModuleManager: Shutting down and abandoning module PhysXVehicles (294)
[2020.04.14-06.05.08:702][210]LogModuleManager: Shutting down and abandoning module OculusEditor (292)
[2020.04.14-06.05.08:702][210]LogModuleManager: Shutting down and abandoning module LocationServicesBPLibrary (290)
[2020.04.14-06.05.08:702][210]LogModuleManager: Shutting down and abandoning module ImmediatePhysicsEditor (288)
[2020.04.14-06.05.08:702][210]LogModuleManager: Shutting down and abandoning module ImmediatePhysics (286)
[2020.04.14-06.05.08:702][210]LogModuleManager: Shutting down and abandoning module ActorSequence (284)
[2020.04.14-06.05.08:702][210]LogModuleManager: Shutting down and abandoning module UdpMessaging (282)
[2020.04.14-06.05.08:803][210]LogModuleManager: Shutting down and abandoning module TcpMessaging (280)
[2020.04.14-06.05.08:904][210]LogModuleManager: Shutting down and abandoning module MagicLeapAudio (278)
[2020.04.14-06.05.08:904][210]LogModuleManager: Shutting down and abandoning module GameplayTagsEditor (276)
[2020.04.14-06.05.08:904][210]LogModuleManager: Shutting down and abandoning module FacialAnimationEditor (274)
[2020.04.14-06.05.08:904][210]LogModuleManager: Shutting down and abandoning module FacialAnimation (272)
[2020.04.14-06.05.08:904][210]LogModuleManager: Shutting down and abandoning module DataValidation (270)
[2020.04.14-06.05.08:904][210]LogModuleManager: Shutting down and abandoning module AssetManagerEditor (268)
[2020.04.14-06.05.08:904][210]LogModuleManager: Shutting down and abandoning module LevelEditor (267)
[2020.04.14-06.05.08:905][210]LogModuleManager: Shutting down and abandoning module PixelInspectorModule (266)
[2020.04.14-06.05.08:905][210]LogModuleManager: Shutting down and abandoning module CommonMenuExtensions (264)
[2020.04.14-06.05.08:905][210]LogModuleManager: Shutting down and abandoning module MainFrame (262)
[2020.04.14-06.05.08:905][210]LogModuleManager: Shutting down and abandoning module HotReload (261)
[2020.04.14-06.05.08:905][210]LogModuleManager: Shutting down and abandoning module ContentBrowser (257)
[2020.04.14-06.05.08:906][210]LogModuleManager: Shutting down and abandoning module TreeMap (255)
[2020.04.14-06.05.08:907][210]LogModuleManager: Shutting down and abandoning module LightPropagationVolumeRuntime (252)
[2020.04.14-06.05.08:907][210]LogModuleManager: Shutting down and abandoning module AISupportModule (250)
[2020.04.14-06.05.08:907][210]LogModuleManager: Shutting down and abandoning module Paper2D (248)
[2020.04.14-06.05.08:907][210]LogModuleManager: Shutting down and abandoning module WindowsMoviePlayer (246)
[2020.04.14-06.05.08:907][210]LogModuleManager: Shutting down and abandoning module WmfMedia (244)
[2020.04.14-06.05.08:908][210]LogModuleManager: Shutting down and abandoning module Media (243)
[2020.04.14-06.05.08:914][210]LogModuleManager: Shutting down and abandoning module PacketHandler (240)
[2020.04.14-06.05.08:914][210]LogModuleManager: Shutting down and abandoning module ClothingSystemEditor (238)
[2020.04.14-06.05.08:914][210]LogModuleManager: Shutting down and abandoning module ClothingSystemRuntime (236)
[2020.04.14-06.05.08:914][210]LogModuleManager: Shutting down and abandoning module MediaAssets (234)
[2020.04.14-06.05.08:914][210]LogModuleManager: Shutting down and abandoning module Overlay (232)
[2020.04.14-06.05.08:914][210]LogModuleManager: Shutting down and abandoning module OverlayEditor (231)
[2020.04.14-06.05.08:914][210]LogModuleManager: Shutting down and abandoning module VREditor (228)
[2020.04.14-06.05.08:914][210]LogModuleManager: Shutting down and abandoning module StringTableEditor (226)
[2020.04.14-06.05.08:914][210]LogModuleManager: Shutting down and abandoning module GameplayTasksEditor (224)
[2020.04.14-06.05.08:914][210]LogModuleManager: Shutting down and abandoning module BehaviorTreeEditor (222)
[2020.04.14-06.05.08:914][210]LogModuleManager: Shutting down and abandoning module FunctionalTesting (220)
[2020.04.14-06.05.08:914][210]LogModuleManager: Shutting down and abandoning module CollisionAnalyzer (218)
[2020.04.14-06.05.08:915][210]LogModuleManager: Shutting down and abandoning module WorkspaceMenuStructure (217)
[2020.04.14-06.05.08:915][210]LogModuleManager: Shutting down and abandoning module UMG (214)
[2020.04.14-06.05.08:915][210]LogModuleManager: Shutting down and abandoning module UMGEditor (213)
[2020.04.14-06.05.08:915][210]LogModuleManager: Shutting down and abandoning module Sequencer (212)
[2020.04.14-06.05.08:915][210]LogModuleManager: Shutting down and abandoning module MessageLog (209)
[2020.04.14-06.05.08:915][210]LogModuleManager: Shutting down and abandoning module SlateReflector (204)
[2020.04.14-06.05.08:915][210]LogModuleManager: Shutting down and abandoning module Slate (202)
[2020.04.14-06.05.08:915][210]LogModuleManager: Shutting down and abandoning module EditorStyle (200)
[2020.04.14-06.05.08:916][210]LogModuleManager: Shutting down and abandoning module MRMesh (198)
[2020.04.14-06.05.08:917][210]LogModuleManager: Shutting down and abandoning module SourceCodeAccess (196)
[2020.04.14-06.05.08:917][210]LogModuleManager: Shutting down and abandoning module HeadMountedDisplay (194)
[2020.04.14-06.05.08:917][210]LogModuleManager: Shutting down and abandoning module XAudio2 (192)
[2020.04.14-06.05.08:917][210]LogModuleManager: Shutting down and abandoning module Networking (190)
[2020.04.14-06.05.08:917][210]LogModuleManager: Shutting down and abandoning module Core (188)
[2020.04.14-06.05.08:917][210]LogModuleManager: Shutting down and abandoning module LevelSequence (186)
[2020.04.14-06.05.08:917][210]LogModuleManager: Shutting down and abandoning module KismetCompiler (184)
[2020.04.14-06.05.08:917][210]LogModuleManager: Shutting down and abandoning module MeshUtilities (182)
[2020.04.14-06.05.08:917][210]LogModuleManager: Shutting down and abandoning module MeshMergeUtilities (181)
[2020.04.14-06.05.08:917][210]LogModuleManager: Shutting down and abandoning module MeshReductionInterface (180)
[2020.04.14-06.05.08:917][210]LogModuleManager: Shutting down and abandoning module SimplygonSwarm (179)
[2020.04.14-06.05.08:917][210]LogModuleManager: Shutting down and abandoning module ProxyLODMeshReduction (177)
[2020.04.14-06.05.08:917][210]LogModuleManager: Shutting down and abandoning module SimplygonMeshReduction (175)
[2020.04.14-06.05.08:917][210]LogModuleManager: Shutting down and abandoning module QuadricMeshReduction (173)
[2020.04.14-06.05.08:917][210]LogModuleManager: Shutting down and abandoning module MaterialBaking (169)
[2020.04.14-06.05.08:917][210]LogModuleManager: Shutting down and abandoning module DirectoryWatcher (165)
[2020.04.14-06.05.08:917][210]LogModuleManager: Shutting down and abandoning module DerivedDataCache (162)
[2020.04.14-06.05.08:962][210]LogDerivedDataCache: Shutdown
[2020.04.14-06.05.08:962][210]LogModuleManager: Shutting down and abandoning module XGEController (160)
[2020.04.14-06.05.08:962][210]LogModuleManager: Shutting down and abandoning module TargetPlatform (158)
[2020.04.14-06.05.08:962][210]LogModuleManager: Shutting down and abandoning module VulkanShaderFormat (157)
[2020.04.14-06.05.08:963][210]LogModuleManager: Shutting down and abandoning module ShaderFormatVectorVM (155)
[2020.04.14-06.05.08:963][210]LogModuleManager: Shutting down and abandoning module ShaderFormatOpenGL (153)
[2020.04.14-06.05.08:963][210]LogModuleManager: Shutting down and abandoning module ShaderFormatD3D (151)
[2020.04.14-06.05.08:963][210]LogModuleManager: Shutting down and abandoning module MetalShaderFormat (149)
[2020.04.14-06.05.08:963][210]LogModuleManager: Shutting down and abandoning module TextureFormatUncompressed (147)
[2020.04.14-06.05.08:963][210]LogModuleManager: Shutting down and abandoning module TextureFormatPVR (145)
[2020.04.14-06.05.08:963][210]LogModuleManager: Shutting down and abandoning module TextureFormatDXT (143)
[2020.04.14-06.05.08:963][210]LogModuleManager: Shutting down and abandoning module TextureFormatIntelISPCTexComp (141)
[2020.04.14-06.05.08:963][210]LogModuleManager: Shutting down and abandoning module TextureFormatASTC (139)
[2020.04.14-06.05.08:963][210]LogModuleManager: Shutting down and abandoning module ImageWrapper (138)
[2020.04.14-06.05.08:963][210]LogModuleManager: Shutting down and abandoning module TextureFormatAndroid (135)
[2020.04.14-06.05.08:963][210]LogModuleManager: Shutting down and abandoning module AudioFormatOpus (133)
[2020.04.14-06.05.08:963][210]LogModuleManager: Shutting down and abandoning module AudioFormatOgg (131)
[2020.04.14-06.05.08:963][210]LogModuleManager: Shutting down and abandoning module AudioFormatADPCM (129)
[2020.04.14-06.05.08:963][210]LogModuleManager: Shutting down and abandoning module LuminTargetPlatform (127)
[2020.04.14-06.05.08:963][210]LogModuleManager: Shutting down and abandoning module LinuxTargetPlatform (125)
[2020.04.14-06.05.08:963][210]LogModuleManager: Shutting down and abandoning module LinuxServerTargetPlatform (123)
[2020.04.14-06.05.08:963][210]LogModuleManager: Shutting down and abandoning module LinuxNoEditorTargetPlatform (121)
[2020.04.14-06.05.08:963][210]LogModuleManager: Shutting down and abandoning module LinuxClientTargetPlatform (119)
[2020.04.14-06.05.08:963][210]LogModuleManager: Shutting down and abandoning module TVOSTargetPlatform (117)
[2020.04.14-06.05.08:964][210]LogModuleManager: Shutting down and abandoning module Messaging (115)
[2020.04.14-06.05.08:964][210]LogModuleManager: Shutting down and abandoning module IOSTargetPlatform (113)
[2020.04.14-06.05.08:965][210]LogModuleManager: Shutting down and abandoning module HTML5TargetPlatform (111)
[2020.04.14-06.05.08:965][210]LogModuleManager: Shutting down and abandoning module AndroidTargetPlatform (109)
[2020.04.14-06.05.08:972][210]LogModuleManager: Shutting down and abandoning module WindowsTargetPlatform (107)
[2020.04.14-06.05.08:972][210]LogModuleManager: Shutting down and abandoning module WindowsServerTargetPlatform (105)
[2020.04.14-06.05.08:972][210]LogModuleManager: Shutting down and abandoning module WindowsNoEditorTargetPlatform (103)
[2020.04.14-06.05.08:972][210]LogModuleManager: Shutting down and abandoning module WindowsClientTargetPlatform (101)
[2020.04.14-06.05.08:972][210]LogModuleManager: Shutting down and abandoning module MacTargetPlatform (99)
[2020.04.14-06.05.08:972][210]LogModuleManager: Shutting down and abandoning module MacServerTargetPlatform (97)
[2020.04.14-06.05.08:972][210]LogModuleManager: Shutting down and abandoning module MacNoEditorTargetPlatform (95)
[2020.04.14-06.05.08:972][210]LogModuleManager: Shutting down and abandoning module MacClientTargetPlatform (93)
[2020.04.14-06.05.08:972][210]LogModuleManager: Shutting down and abandoning module AllDesktopTargetPlatform (91)
[2020.04.14-06.05.08:972][210]LogModuleManager: Shutting down and abandoning module InputCore (88)
[2020.04.14-06.05.08:972][210]LogModuleManager: Shutting down and abandoning module Settings (86)
[2020.04.14-06.05.08:972][210]LogModuleManager: Shutting down and abandoning module PhysXCooking (84)
[2020.04.14-06.05.08:972][210]LogModuleManager: Shutting down and abandoning module SteamVR (82)
[2020.04.14-06.05.08:972][210]LogModuleManager: Shutting down and abandoning module OculusHMD (80)
[2020.04.14-06.05.08:972][210]LogModuleManager: Shutting down and abandoning module ExampleDeviceProfileSelector (78)
[2020.04.14-06.05.08:972][210]LogModuleManager: Shutting down and abandoning module LauncherChunkInstaller (76)
[2020.04.14-06.05.08:972][210]LogModuleManager: Shutting down and abandoning module OnlineBlueprintSupport (74)
[2020.04.14-06.05.08:972][210]LogModuleManager: Shutting down and abandoning module OnlineSubsystem (70)
[2020.04.14-06.05.08:973][210]LogModuleManager: Shutting down and abandoning module XMPP (65)
[2020.04.14-06.05.08:973][210]LogModuleManager: Shutting down and abandoning module WebSockets (64)
[2020.04.14-06.05.08:988][210]LogModuleManager: Shutting down and abandoning module HTTP (61)
[2020.04.14-06.05.08:989][210]LogHttp: Display: Http module shutting down, but needs to wait on 1 outstanding Http requests:
[2020.04.14-06.05.08:989][210]LogHttp: Display: 	verb=[POST] url=[https://datarouter.ol.epicgames.com/datarouter/api/v1/public/data?SessionID=%7BF54269C6-4245-FA35-AABB-DB9202C8E3A6%7D&AppID=UEEditor.Rocket.Release&AppVersion=4.20.3-4369336%2B%2B%2BUE4%2BRelease-4.20&UserID=ab2000f24920a6ec2b3ec180fccdee1d%7C290a1e5eadba4b98b69e87c9547c8a6a%7C6d8148c2-e839-4cbc-9ba0-97ddd5c6d9f1&AppEnvironment=datacollector-binary&UploadType=eteventstream] status=Processing
[2020.04.14-06.05.09:022][210]LogModuleManager: Shutting down and abandoning module SSL (60)
[2020.04.14-06.05.09:024][210]LogModuleManager: Shutting down and abandoning module MagicLeapEmulator (56)
[2020.04.14-06.05.09:024][210]LogModuleManager: Shutting down and abandoning module MagicLeapPrivileges (54)
[2020.04.14-06.05.09:024][210]LogModuleManager: Shutting down and abandoning module MagicLeapIdentity (52)
[2020.04.14-06.05.09:024][210]LogModuleManager: Shutting down and abandoning module MagicLeapHelperVulkan (50)
[2020.04.14-06.05.09:024][210]LogModuleManager: Shutting down and abandoning module MagicLeapHelperOpenGL (48)
[2020.04.14-06.05.09:024][210]LogModuleManager: Shutting down and abandoning module MagicLeapSecureStorage (46)
[2020.04.14-06.05.09:024][210]LogModuleManager: Shutting down and abandoning module MagicLeapGestures (44)
[2020.04.14-06.05.09:024][210]LogModuleManager: Shutting down and abandoning module MagicLeapEyeTracker (42)
[2020.04.14-06.05.09:024][210]LogModuleManager: Shutting down and abandoning module MagicLeapController (40)
[2020.04.14-06.05.09:024][210]LogSlate: Slate User Destroyed.  User Index 0, Is Virtual User: 0
[2020.04.14-06.05.09:024][210]LogModuleManager: Shutting down and abandoning module MagicLeap (38)
[2020.04.14-06.05.09:024][210]LogModuleManager: Shutting down and abandoning module AnimationModifiers (36)
[2020.04.14-06.05.09:024][210]LogModuleManager: Shutting down and abandoning module PropertyEditor (35)
[2020.04.14-06.05.09:024][210]LogModuleManager: Shutting down and abandoning module AudioEditor (32)
[2020.04.14-06.05.09:024][210]LogModuleManager: Shutting down and abandoning module TextureCompressor (30)
[2020.04.14-06.05.09:024][210]LogModuleManager: Shutting down and abandoning module ShaderCore (28)
[2020.04.14-06.05.09:024][210]LogModuleManager: Shutting down and abandoning module Landscape (26)
[2020.04.14-06.05.09:024][210]LogModuleManager: Shutting down and abandoning module SlateRHIRenderer (24)
[2020.04.14-06.05.09:025][210]LogModuleManager: Shutting down and abandoning module OpenGLDrv (22)
[2020.04.14-06.05.09:025][210]LogModuleManager: Shutting down and abandoning module D3D11RHI (20)
[2020.04.14-06.05.09:025][210]LogModuleManager: Shutting down and abandoning module AnimGraphRuntime (18)
[2020.04.14-06.05.09:025][210]LogModuleManager: Shutting down and abandoning module Renderer (16)
[2020.04.14-06.05.09:025][210]LogModuleManager: Shutting down and abandoning module Engine (14)
[2020.04.14-06.05.09:025][210]LogModuleManager: Shutting down and abandoning module CoreUObject (12)
[2020.04.14-06.05.09:025][210]LogModuleManager: Shutting down and abandoning module NetworkFile (10)
[2020.04.14-06.05.09:025][210]LogModuleManager: Shutting down and abandoning module CookedIterativeFile (8)
[2020.04.14-06.05.09:025][210]LogModuleManager: Shutting down and abandoning module StreamingFile (6)
[2020.04.14-06.05.09:025][210]LogModuleManager: Shutting down and abandoning module SandboxFile (4)
[2020.04.14-06.05.09:025][210]LogModuleManager: Shutting down and abandoning module PakFile (2)
[2020.04.14-06.05.09:029][210]LogExit: Exiting.
[2020.04.14-06.05.09:032][210]Log file closed, 04/14/20 01:05:09
