Log file open, 04/21/20 14:36:59
LogWindows: Failed to load 'aqProf.dll' (GetLastError=126)
LogWindows: File 'aqProf.dll' does not exist
LogWindows: Failed to load 'VSPerf140.dll' (GetLastError=126)
LogWindows: File 'VSPerf140.dll' does not exist
LogWindows: Failed to load 'VtuneApi.dll' (GetLastError=126)
LogWindows: File 'VtuneApi.dll' does not exist
LogWindows: Failed to load 'VtuneApi32e.dll' (GetLastError=126)
LogWindows: File 'VtuneApi32e.dll' does not exist
LogInit: Display: Running engine for game: MyProject5
LogPlatformFile: Not using cached read wrapper
LogTaskGraph: Started task graph with 5 named threads and 14 total threads with 3 sets of task threads.
LogStats: Stats thread started at 0.288045
LogD3D11RHI: Loaded GFSDK_Aftermath_Lib.x64.dll
LogICUInternationalization: Display: ICU TimeZone Detection - Raw Offset: -6:00, Platform Override: ''
LogPluginManager: Mounting plugin Paper2D
LogPluginManager: Mounting plugin AISupport
LogPluginManager: Mounting plugin LightPropagationVolume
LogPluginManager: Mounting plugin CLionSourceCodeAccess
LogPluginManager: Mounting plugin CodeLiteSourceCodeAccess
LogPluginManager: Mounting plugin GitSourceControl
LogPluginManager: Mounting plugin KDevelopSourceCodeAccess
LogPluginManager: Mounting plugin NullSourceCodeAccess
LogPluginManager: Mounting plugin PerforceSourceControl
LogPluginManager: Mounting plugin SubversionSourceControl
LogPluginManager: Mounting plugin UObjectPlugin
LogPluginManager: Mounting plugin VisualStudioCodeSourceCodeAccess
LogPluginManager: Mounting plugin VisualStudioSourceCodeAccess
LogPluginManager: Mounting plugin XCodeSourceCodeAccess
LogPluginManager: Mounting plugin AssetManagerEditor
LogPluginManager: Mounting plugin CryptoKeys
LogPluginManager: Mounting plugin DataValidation
LogPluginManager: Mounting plugin FacialAnimation
LogPluginManager: Mounting plugin GameplayTagsEditor
LogPluginManager: Mounting plugin MacGraphicsSwitching
LogPluginManager: Mounting plugin MeshEditor
LogPluginManager: Mounting plugin MobileLauncherProfileWizard
LogPluginManager: Mounting plugin PluginBrowser
LogPluginManager: Mounting plugin SpeedTreeImporter
LogPluginManager: Mounting plugin DatasmithContent
LogPluginManager: Mounting plugin AlembicImporter
LogPluginManager: Mounting plugin AppleImageUtils
LogPluginManager: Mounting plugin AppleVision
LogPluginManager: Mounting plugin BackChannel
LogPluginManager: Mounting plugin CharacterAI
LogPluginManager: Mounting plugin GeometryCache
LogPluginManager: Mounting plugin HTML5Networking
LogPluginManager: Mounting plugin ProxyLODPlugin
LogPluginManager: Mounting plugin MagicLeap
LogPluginManager: Mounting plugin MagicLeapEmulator
LogPluginManager: Mounting plugin MagicLeapMedia
LogPluginManager: Mounting plugin AndroidMedia
LogPluginManager: Mounting plugin AvfMedia
LogPluginManager: Mounting plugin ImgMedia
LogPluginManager: Mounting plugin LinearTimecode
LogPluginManager: Mounting plugin MediaCompositing
LogPluginManager: Mounting plugin MediaPlayerEditor
LogPluginManager: Mounting plugin WmfMedia
LogPluginManager: Mounting plugin TcpMessaging
LogPluginManager: Mounting plugin UdpMessaging
LogPluginManager: Mounting plugin ActorSequence
LogPluginManager: Mounting plugin LevelSequenceEditor
LogPluginManager: Mounting plugin MatineeToLevelSequence
LogPluginManager: Mounting plugin NetcodeUnitTest
LogPluginManager: Mounting plugin NUTUnrealEngine4
LogPluginManager: Mounting plugin OnlineSubsystemGooglePlay
LogPluginManager: Mounting plugin OnlineSubsystemIOS
LogPluginManager: Mounting plugin OnlineSubsystem
LogPluginManager: Mounting plugin OnlineSubsystemNull
LogPluginManager: Mounting plugin OnlineSubsystemUtils
LogPluginManager: Mounting plugin LauncherChunkInstaller
LogPluginManager: Mounting plugin AndroidDeviceProfileSelector
LogPluginManager: Mounting plugin AndroidMoviePlayer
LogPluginManager: Mounting plugin AndroidPermission
LogPluginManager: Mounting plugin AppleMoviePlayer
LogPluginManager: Mounting plugin ArchVisCharacter
LogPluginManager: Mounting plugin AudioCapture
LogPluginManager: Mounting plugin CableComponent
LogPluginManager: Mounting plugin CustomMeshComponent
LogPluginManager: Mounting plugin EditableMesh
LogPluginManager: Mounting plugin ExampleDeviceProfileSelector
LogPluginManager: Mounting plugin GoogleCloudMessaging
LogPluginManager: Mounting plugin ImmediatePhysics
LogPluginManager: Mounting plugin IOSDeviceProfileSelector
LogPluginManager: Mounting plugin LinuxDeviceProfileSelector
LogPluginManager: Mounting plugin LocationServicesBPLibrary
LogPluginManager: Mounting plugin MobilePatchingUtils
LogPluginManager: Mounting plugin OculusVR
LogPluginManager: Plugin shader directory ../../../Engine/Plugins/Runtime/Oculus/OculusVR/Shaders found
LogPluginManager: Mapping shader source directory ../../../Engine/Plugins/Runtime/Oculus/OculusVR/Shaders to virtual directory /Plugin/OculusVR
LogPluginManager: Mounting plugin PhysXVehicles
LogPluginManager: Mounting plugin ProceduralMeshComponent
LogPluginManager: Mounting plugin RuntimePhysXCooking
LogPluginManager: Mounting plugin SteamVR
LogPluginManager: Mounting plugin WindowsMoviePlayer
LogStreaming: Display: Took  0.312s to configure plugins.
LogInit: Using libcurl 7.55.1-DEV
LogInit:  - built for x86_64-pc-win32
LogInit:  - supports SSL with OpenSSL/1.0.2h
LogInit:  - supports HTTP deflate (compression) using libz 1.2.8
LogInit:  - other features:
LogInit:      CURL_VERSION_SSL
LogInit:      CURL_VERSION_LIBZ
LogInit:      CURL_VERSION_IPV6
LogInit:      CURL_VERSION_ASYNCHDNS
LogInit:      CURL_VERSION_LARGEFILE
LogInit:      CURL_VERSION_IDN
LogInit:  CurlRequestOptions (configurable via config and command line):
LogInit:  - bVerifyPeer = false  - Libcurl will NOT verify peer certificate
LogInit:  - bUseHttpProxy = false  - Libcurl will NOT use HTTP proxy
LogInit:  - bDontReuseConnections = false  - Libcurl will reuse connections
LogInit:  - CertBundlePath = nullptr  - Libcurl will use whatever was configured at build time.
LogInit:  - MaxHostConnections = 16  - Libcurl will limit the number of connections to a host
LogInit:  - LocalHostAddr = Default
LogInit:  - BufferSize = 65536
LogInit: WinSock: version 1.1 (2.2), MaxSocks=32767, MaxUdp=65467
LogInit: Build: ++UE4+Release-4.20-CL-4369336
LogInit: Engine Version: 4.20.3-4369336+++UE4+Release-4.20
LogInit: Compatible Engine Version: 4.20.0-4212847+++UE4+Release-4.20
LogInit: Net CL: 4212847
LogInit: OS: Windows 10 (), CPU:         Intel(R) Core(TM) i5-3550 CPU @ 3.30GHz, GPU: AMD Radeon HD 7000 series
LogInit: Compiled (64-bit): Sep 17 2018 12:26:19
LogInit: Compiled with Visual C++: 19.13.26129.00
LogInit: Build Configuration: Development
LogInit: Branch Name: ++UE4+Release-4.20
LogInit: Command Line: -EpicPortal  -epicusername="Angel Medrano G." -epicuserid=290a1e5eadba4b98b69e87c9547c8a6a -epiclocale=en
LogInit: Base Directory: D:/Programas/Epic Games/UE_4.20/Engine/Binaries/Win64/
LogInit: Installed Engine Build: 1
LogDevObjectVersion: Number of dev versions registered: 20
LogDevObjectVersion:   Dev-Blueprints (B0D832E4-1F89-4F0D-ACCF-7EB736FD4AA2): 10
LogDevObjectVersion:   Dev-Build (E1C64328-A22C-4D53-A36C-8E866417BD8C): 0
LogDevObjectVersion:   Dev-Core (375EC13C-06E4-48FB-B500-84F0262A717E): 2
LogDevObjectVersion:   Dev-Editor (E4B068ED-F494-42E9-A231-DA0B2E46BB41): 24
LogDevObjectVersion:   Dev-Framework (CFFC743F-43B0-4480-9391-14DF171D2073): 34
LogDevObjectVersion:   Dev-Mobile (B02B49B5-BB20-44E9-A304-32B752E40360): 2
LogDevObjectVersion:   Dev-Networking (A4E4105C-59A1-49B5-A7C5-40C4547EDFEE): 0
LogDevObjectVersion:   Dev-Online (39C831C9-5AE6-47DC-9A44-9C173E1C8E7C): 0
LogDevObjectVersion:   Dev-Physics (78F01B33-EBEA-4F98-B9B4-84EACCB95AA2): 0
LogDevObjectVersion:   Dev-Platform (6631380F-2D4D-43E0-8009-CF276956A95A): 0
LogDevObjectVersion:   Dev-Rendering (12F88B9F-8875-4AFC-A67C-D90C383ABD29): 26
LogDevObjectVersion:   Dev-Sequencer (7B5AE74C-D270-4C10-A958-57980B212A5A): 9
LogDevObjectVersion:   Dev-VR (D7296918-1DD6-4BDD-9DE2-64A83CC13884): 2
LogDevObjectVersion:   Dev-LoadTimes (C2A15278-BFE7-4AFE-6C17-90FF531DF755): 1
LogDevObjectVersion:   Private-Geometry (6EACA3D4-40EC-4CC1-B786-8BED09428FC5): 3
LogDevObjectVersion:   Dev-AnimPhys (29E575DD-E0A3-4627-9D10-D276232CDCEA): 17
LogDevObjectVersion:   Dev-ReflectionCapture (6B266CEC-1EC7-4B8F-A30B-E4D90942FC07): 1
LogDevObjectVersion:   Dev-Automation (0DF73D61-A23F-47EA-B727-89E90C41499A): 1
LogDevObjectVersion:   FortniteMain (601D1886-AC64-4F84-AA16-D3DE0DEAC7D6): 12
LogDevObjectVersion:   Dev-Enterprise (9DFFBCD6-494F-0158-E221-12823C92A888): 1
LogStreaming: Display: Took  0.013s to delete old logs.
LogInit: Presizing for max 8388607 objects, including 0 objects not considered by GC, pre-allocating 0 bytes for permanent pool.
LogInit: Object subsystem initialized
[2020.04.21-19.37.00:832][  0]LogInit: Selected Device Profile: [Windows]
[2020.04.21-19.37.00:832][  0]LogInit: Applying CVar settings loaded from the selected device profile: [Windows]
[2020.04.21-19.37.00:899][  0]LogHAL: Display: Platform has ~ 16 GB [17132208128 / 17179869184 / 16], which maps to Larger [LargestMinGB=32, LargerMinGB=12, DefaultMinGB=8, SmallerMinGB=6, SmallestMinGB=0)
[2020.04.21-19.37.00:900][  0]LogInit: Setting Device Profile CVar: [[r.Vulkan.UseRealUBs:1]]
[2020.04.21-19.37.00:900][  0]LogInit: Going up to parent DeviceProfile []
[2020.04.21-19.37.00:907][  0]LogInit: Computer: DESKTOP-DRG68JE
[2020.04.21-19.37.00:907][  0]LogInit: User: AngelMedranoG
[2020.04.21-19.37.00:907][  0]LogInit: CPU Page size=4096, Cores=4
[2020.04.21-19.37.00:907][  0]LogInit: High frequency timer resolution =10.000000 MHz
[2020.04.21-19.37.00:907][  0]LogMemory: Memory total: Physical=16.0GB (16GB approx)
[2020.04.21-19.37.00:907][  0]LogMemory: Platform Memory Stats for Windows
[2020.04.21-19.37.00:907][  0]LogMemory: Process Physical Memory: 99.61 MB used, 99.62 MB peak
[2020.04.21-19.37.00:907][  0]LogMemory: Process Virtual Memory: 90.09 MB used, 90.09 MB peak
[2020.04.21-19.37.00:907][  0]LogMemory: Physical Memory: 4735.99 MB used,  11602.55 MB free, 16338.55 MB total
[2020.04.21-19.37.00:907][  0]LogMemory: Virtual Memory: 4614.77 MB used,  11602.55 MB free, 134217728.00 MB total
[2020.04.21-19.37.01:078][  0]LogInit: Overriding language with editor language configuration option (en).
[2020.04.21-19.37.01:078][  0]LogInit: Overriding locale with editor locale configuration option (en).
[2020.04.21-19.37.01:588][  0]LogStreaming: Display: Took  0.510s to InitEngineTextLocalization.
[2020.04.21-19.37.01:588][  0]LogInit: Setting process to per monitor DPI aware
[2020.04.21-19.37.01:691][  0]LogSlate: New Slate User Created.  User Index 0, Is Virtual User: 0
[2020.04.21-19.37.01:691][  0]LogSlate: Slate User Registered.  User Index 0, Is Virtual User: 0
[2020.04.21-19.37.04:591][  0]LogHMD: Failed to initialize OpenVR with code 110
[2020.04.21-19.37.04:591][  0]LogD3D11RHI: D3D11 adapters:
[2020.04.21-19.37.04:604][  0]LogD3D11RHI:    0. 'AMD Radeon HD 7000 series' (Feature Level 11_0)
[2020.04.21-19.37.04:604][  0]LogD3D11RHI:       1008/0/3840 MB DedicatedVideo/DedicatedSystem/SharedSystem, Outputs:1, VendorId:0x1002
[2020.04.21-19.37.04:607][  0]LogD3D11RHI:    1. 'Microsoft Basic Render Driver' (Feature Level 11_0)
[2020.04.21-19.37.04:607][  0]LogD3D11RHI:       0/0/8169 MB DedicatedVideo/DedicatedSystem/SharedSystem, Outputs:0, VendorId:0x1414
[2020.04.21-19.37.04:607][  0]LogD3D11RHI: Chosen D3D11 Adapter: 0
[2020.04.21-19.37.04:611][  0]LogD3D11RHI: Creating new Direct3DDevice
[2020.04.21-19.37.04:612][  0]LogD3D11RHI:     GPU DeviceId: 0x6778 (for the marketing name, search the web for "GPU Device Id")
[2020.04.21-19.37.04:612][  0]LogWindows: EnumDisplayDevices:
[2020.04.21-19.37.04:612][  0]LogWindows:    0. 'AMD Radeon HD 7000 series' (P:1 D:1)
[2020.04.21-19.37.04:612][  0]LogWindows:    1. 'AMD Radeon HD 7000 series' (P:0 D:0)
[2020.04.21-19.37.04:613][  0]LogWindows:    2. 'AMD Radeon HD 7000 series' (P:0 D:0)
[2020.04.21-19.37.04:613][  0]LogWindows:    3. 'AMD Radeon HD 7000 series' (P:0 D:0)
[2020.04.21-19.37.04:613][  0]LogWindows: DebugString: FoundDriverCount:4 
[2020.04.21-19.37.04:613][  0]LogD3D11RHI:     Adapter Name: AMD Radeon HD 7000 series
[2020.04.21-19.37.04:613][  0]LogD3D11RHI:   Driver Version: 15.201.1151.1008 (internal:15.201.1151.1008, unified:15.201.1151.1008)
[2020.04.21-19.37.04:613][  0]LogD3D11RHI:      Driver Date: 11-4-2015
[2020.04.21-19.37.04:613][  0]LogRHI: Texture pool is 706 MB (70% of 1008 MB)
[2020.04.21-19.37.04:648][  0]LogD3D11RHI: AMD Pre GCN architecture detected, some driver workarounds will be in place
[2020.04.21-19.37.04:657][  0]LogD3D11RHI: Async texture creation enabled
[2020.04.21-19.37.04:672][  0]LogD3D11RHI: GPU Timing Frequency: 27.000000 (Debug: 2 1)
[2020.04.21-19.37.04:673][  0]LogShaderCompilers: Guid format shader working directory is 21 characters bigger than the processId version (../../../../../../unreal/MyProject5/Intermediate/Shaders/WorkingDirectory/4692/).
[2020.04.21-19.37.04:673][  0]LogShaderCompilers: Cleaned the shader compiler working directory 'C:/Users/Angel Medrano G/AppData/Local/Temp/UnrealShaderWorkingDir/F924D6FC403E555FFCD3F2A6C1E6A9E9/'.
[2020.04.21-19.37.05:253][  0]LogTemp: Display: Loaded TP AllDesktopTargetPlatform
[2020.04.21-19.37.05:296][  0]LogTemp: Display: Loaded TP MacClientTargetPlatform
[2020.04.21-19.37.05:333][  0]LogTemp: Display: Loaded TP MacNoEditorTargetPlatform
[2020.04.21-19.37.05:372][  0]LogTemp: Display: Loaded TP MacServerTargetPlatform
[2020.04.21-19.37.05:421][  0]LogTemp: Display: Loaded TP MacTargetPlatform
[2020.04.21-19.37.05:456][  0]LogTemp: Display: Loaded TP WindowsClientTargetPlatform
[2020.04.21-19.37.05:496][  0]LogTemp: Display: Loaded TP WindowsNoEditorTargetPlatform
[2020.04.21-19.37.05:535][  0]LogTemp: Display: Loaded TP WindowsServerTargetPlatform
[2020.04.21-19.37.05:574][  0]LogTemp: Display: Loaded TP WindowsTargetPlatform
[2020.04.21-19.37.05:699][  0]LogTemp: Display: Loaded TP AndroidTargetPlatform
[2020.04.21-19.37.05:699][  0]LogTemp: Display: Loaded TP AndroidTargetPlatform
[2020.04.21-19.37.05:699][  0]LogTemp: Display: Loaded TP AndroidTargetPlatform
[2020.04.21-19.37.05:700][  0]LogTemp: Display: Loaded TP AndroidTargetPlatform
[2020.04.21-19.37.05:700][  0]LogTemp: Display: Loaded TP AndroidTargetPlatform
[2020.04.21-19.37.05:700][  0]LogTemp: Display: Loaded TP AndroidTargetPlatform
[2020.04.21-19.37.05:700][  0]LogTemp: Display: Loaded TP AndroidTargetPlatform
[2020.04.21-19.37.05:700][  0]LogTemp: Display: Loaded TP AndroidTargetPlatform
[2020.04.21-19.37.05:700][  0]LogTemp: Display: Loaded TP AndroidTargetPlatform
[2020.04.21-19.37.05:700][  0]LogTemp: Display: Loaded TP AndroidTargetPlatform
[2020.04.21-19.37.05:700][  0]LogTemp: Display: Loaded TP AndroidTargetPlatform
[2020.04.21-19.37.05:700][  0]LogTemp: Display: Loaded TP AndroidTargetPlatform
[2020.04.21-19.37.05:700][  0]LogTemp: Display: Loaded TP AndroidTargetPlatform
[2020.04.21-19.37.05:700][  0]LogTemp: Display: Loaded TP AndroidTargetPlatform
[2020.04.21-19.37.05:700][  0]LogTemp: Display: Loaded TP AndroidTargetPlatform
[2020.04.21-19.37.05:700][  0]LogTemp: Display: Loaded TP AndroidTargetPlatform
[2020.04.21-19.37.05:700][  0]LogTemp: Display: Loaded TP AndroidTargetPlatform
[2020.04.21-19.37.05:700][  0]LogTemp: Display: Loaded TP AndroidTargetPlatform
[2020.04.21-19.37.05:716][  0]LogTemp: Display: Loaded TP HTML5TargetPlatform
[2020.04.21-19.37.05:851][  0]LogTemp: Display: Loaded TP IOSTargetPlatform
[2020.04.21-19.37.05:851][  0]LogTemp: Display: Loaded TP IOSTargetPlatform
[2020.04.21-19.37.05:894][  0]LogTemp: Display: Loaded TP TVOSTargetPlatform
[2020.04.21-19.37.05:894][  0]LogTemp: Display: Loaded TP TVOSTargetPlatform
[2020.04.21-19.37.05:924][  0]LogTemp: Display: Loaded TP LinuxClientTargetPlatform
[2020.04.21-19.37.05:963][  0]LogTemp: Display: Loaded TP LinuxNoEditorTargetPlatform
[2020.04.21-19.37.06:005][  0]LogTemp: Display: Loaded TP LinuxServerTargetPlatform
[2020.04.21-19.37.06:059][  0]LogTemp: Display: Loaded TP LinuxTargetPlatform
[2020.04.21-19.37.06:085][  0]LogTemp: Display: Loaded TP LuminTargetPlatform
[2020.04.21-19.37.06:085][  0]LogTargetPlatformManager: Display: Building Assets For Windows
[2020.04.21-19.37.06:526][  0]LogXGEController: Cannot use XGE Controller as Incredibuild is not installed on this machine.
[2020.04.21-19.37.06:526][  0]LogShaderCompilers: Cannot use XGE Shader Compiler as Incredibuild is not installed on this machine.
[2020.04.21-19.37.06:526][  0]LogShaderCompilers: Display: Using Local Shader Compiler.
[2020.04.21-19.37.09:289][  0]LogDerivedDataCache: Display: Max Cache Size: 512 MB
[2020.04.21-19.37.09:369][  0]LogDerivedDataCache: Loaded boot cache 0.08s 71MB C:/Users/Angel Medrano G/AppData/Local/UnrealEngine/4.20/DerivedDataCache/Boot.ddc.
[2020.04.21-19.37.09:369][  0]LogDerivedDataCache: Display: Loaded Boot cache: C:/Users/Angel Medrano G/AppData/Local/UnrealEngine/4.20/DerivedDataCache/Boot.ddc
[2020.04.21-19.37.09:369][  0]LogDerivedDataCache: FDerivedDataBackendGraph:  Pak pak cache file ../../../../../../unreal/MyProject5/DerivedDataCache/DDC.ddp not found, will not use a pak cache.
[2020.04.21-19.37.09:369][  0]LogDerivedDataCache: Unable to find inner node Pak for hierarchical cache Hierarchy.
[2020.04.21-19.37.09:369][  0]LogDerivedDataCache: FDerivedDataBackendGraph:  CompressedPak pak cache file ../../../../../../unreal/MyProject5/DerivedDataCache/Compressed.ddp not found, will not use a pak cache.
[2020.04.21-19.37.09:370][  0]LogDerivedDataCache: Unable to find inner node CompressedPak for hierarchical cache Hierarchy.
[2020.04.21-19.37.09:397][  0]LogDerivedDataCache: Display: Pak cache opened for reading ../../../Engine/DerivedDataCache/Compressed.ddp.
[2020.04.21-19.37.09:410][  0]LogDerivedDataCache: Using Local data cache path C:/Users/Angel Medrano G/AppData/Local/UnrealEngine/Common/DerivedDataCache: Writable
[2020.04.21-19.37.09:410][  0]LogDerivedDataCache: Shared data cache path not found in *engine.ini, will not use an Shared cache.
[2020.04.21-19.37.09:410][  0]LogDerivedDataCache: Unable to find inner node Shared for hierarchical cache Hierarchy.
[2020.04.21-19.37.09:434][  0]LogMaterial: Verifying Global Shaders for PCD3D_SM5
[2020.04.21-19.37.09:437][  0]LogSlate: Using FreeType 2.6.0
[2020.04.21-19.37.09:451][  0]LogSlate: SlateFontServices - WITH_FREETYPE: 1, WITH_HARFBUZZ: 1
[2020.04.21-19.37.09:650][  0]LogAssetRegistry: FAssetRegistry took 0.0274 seconds to start up
[2020.04.21-19.37.10:086][  0]LogInit: Selected Device Profile: [Windows]
[2020.04.21-19.37.10:517][  0]LogSimplygon: Simplygon DLL not present - disabling.
[2020.04.21-19.37.10:555][  0]LogMeshReduction: Using SimplygonSwarm for distributed automatic mesh merging
[2020.04.21-19.37.10:555][  0]LogMeshReduction: Using ProxyLODMeshReduction for automatic mesh merging
[2020.04.21-19.37.10:555][  0]LogMeshReduction: Using QuadricMeshReduction for automatic static mesh reduction
[2020.04.21-19.37.10:555][  0]LogMeshReduction: No automatic skeletal mesh reduction module available
[2020.04.21-19.37.10:601][  0]LogNetVersion: MyProject5 1.0.0, NetCL: 4212847, EngineNetVer: 5, GameNetVer: 0 (Checksum: 391540008)
[2020.04.21-19.37.11:906][  0]LogPackageLocalizationCache: Processed 11 localized package path(s) for 1 prioritized culture(s) in 0.111769 seconds
[2020.04.21-19.37.11:915][  0]LogUObjectArray: 38425 objects as part of root set at end of initial load.
[2020.04.21-19.37.11:915][  0]LogUObjectAllocator: 6690864 out of 0 bytes used by permanent object pool.
[2020.04.21-19.37.11:915][  0]LogUObjectArray: CloseDisregardForGC: 0/0 objects in disregard for GC pool
[2020.04.21-19.37.15:225][  0]LogTcpMessaging: Initializing TcpMessaging bridge
[2020.04.21-19.37.15:256][  0]LogUdpMessaging: Initializing bridge on interface 0.0.0.0:0 to multicast group 230.0.0.1:6666.
[2020.04.21-19.37.15:754][  0]SourceControl: Source control is disabled
[2020.04.21-19.37.15:754][  0]SourceControl: Source control is disabled
[2020.04.21-19.37.15:773][  0]SourceControl: Source control is disabled
[2020.04.21-19.37.15:791][  0]SourceControl: Source control is disabled
[2020.04.21-19.37.16:613][  0]LogAndroidPermission: UAndroidPermissionCallbackProxy::GetInstance
[2020.04.21-19.37.16:771][  0]LogOcInput: OculusInput pre-init called
[2020.04.21-19.37.16:952][  0]LogEngine: Initializing Engine...
[2020.04.21-19.37.16:953][  0]LogHMD: Failed to initialize OpenVR with code 110
[2020.04.21-19.37.16:955][  0]LogStats: UGameplayTagsManager::ConstructGameplayTagTree: ImportINI prefixes -  0.000 s
[2020.04.21-19.37.16:955][  0]LogStats: UGameplayTagsManager::ConstructGameplayTagTree: Construct from data asset -  0.000 s
[2020.04.21-19.37.16:955][  0]LogStats: UGameplayTagsManager::ConstructGameplayTagTree: ImportINI -  0.000 s
[2020.04.21-19.37.16:955][  0]LogStats: UGameplayTagsManager::ConstructGameplayTagTree: GameplayTagTreeChangedEvent.Broadcast -  0.000 s
[2020.04.21-19.37.17:450][  0]LogInit: Initializing FReadOnlyCVARCache
[2020.04.21-19.37.17:483][  0]LogAIModule: Creating AISystem for world Untitled
[2020.04.21-19.37.17:492][  0]LogInit: XAudio2 using 'Altavoces / Auriculares (Realtek High Definition Audio)' : 2 channels at 48 kHz using 32 bits per sample (channel mask 0x3)
[2020.04.21-19.37.17:523][  0]LogInit: FAudioDevice initialized.
[2020.04.21-19.37.17:524][  0]LogNetVersion: Set ProjectVersion to 1.0.0.0. Version Checksum will be recalculated on next use.
[2020.04.21-19.37.17:666][  0]LogDerivedDataCache: Saved boot cache 0.14s 71MB C:/Users/Angel Medrano G/AppData/Local/UnrealEngine/4.20/DerivedDataCache/Boot.ddc.
[2020.04.21-19.37.17:676][  0]LogInit: Texture streaming: Enabled
[2020.04.21-19.37.17:764][  0]LogEngineSessionManager: EngineSessionManager initialized
[2020.04.21-19.37.17:795][  0]LogInit: Transaction tracking system initialized
[2020.04.21-19.37.17:904][  0]BlueprintLog: New page: Editor Load
[2020.04.21-19.37.18:350][  0]LocalizationService: Localization service is disabled
[2020.04.21-19.37.19:244][  0]LogCook: Display: Max memory allowance for cook 16384mb min free memory 0mb
[2020.04.21-19.37.19:244][  0]LogCook: Display: Mobile HDR setting 1
[2020.04.21-19.37.19:244][  0]LogGameplayTags: Display: UGameplayTagsManager::DoneAddingNativeTags. DelegateIsBound: 0
[2020.04.21-19.37.19:244][  0]LogStats: UGameplayTagsManager::ConstructGameplayTagTree: ImportINI prefixes -  0.000 s
[2020.04.21-19.37.19:244][  0]LogStats: UGameplayTagsManager::ConstructGameplayTagTree: Construct from data asset -  0.000 s
[2020.04.21-19.37.19:244][  0]LogStats: UGameplayTagsManager::ConstructGameplayTagTree: ImportINI -  0.000 s
[2020.04.21-19.37.19:244][  0]LogStats: UGameplayTagsManager::ConstructGameplayTagTree: GameplayTagTreeChangedEvent.Broadcast -  0.000 s
[2020.04.21-19.37.19:885][  0]LogFileCache: Scanning file cache for directory 'D:/unreal/MyProject5/Content/' took 0.04s
[2020.04.21-19.37.19:885][  0]SourceControl: Source control is disabled
[2020.04.21-19.37.19:885][  0]Cmd: MAP LOAD FILE="../../../../../../unreal/MyProject5/Content/ThirdPersonBP/Maps/ThirdPersonExampleMap.umap" TEMPLATE=0 SHOWPROGRESS=1 FEATURELEVEL=3
[2020.04.21-19.37.19:905][  0]LightingResults: New page: Lighting Build
[2020.04.21-19.37.19:909][  0]MapCheck: New page: Map Check
[2020.04.21-19.37.19:909][  0]LightingResults: New page: Lighting Build
[2020.04.21-19.37.22:380][  0]LogAIModule: Creating AISystem for world ThirdPersonExampleMap
[2020.04.21-19.37.22:524][  0]LogEditorServer: Finished looking for orphan Actors (0.000 secs)
[2020.04.21-19.37.22:549][  0]Cmd: MAP CHECKDEP NOCLEARLOG
[2020.04.21-19.37.22:627][  0]MapCheck: Map check complete: 0 Error(s), 0 Warning(s), took 77.421ms to complete.
[2020.04.21-19.37.22:627][  0]LogFileHelpers: Loading map 'ThirdPersonExampleMap' took 2.742
[2020.04.21-19.37.23:054][  0]LogSlate: Updating window title bar state: overlay mode, drag disabled, window buttons hidden, title bar hidden
[2020.04.21-19.37.23:065][  0]LogSlate: Updating window title bar state: overlay mode, drag disabled, window buttons hidden, title bar hidden
[2020.04.21-19.37.23:075][  0]LogSlate: Updating window title bar state: overlay mode, drag disabled, window buttons hidden, title bar hidden
[2020.04.21-19.37.23:084][  0]LogSlate: Updating window title bar state: overlay mode, drag disabled, window buttons hidden, title bar hidden
[2020.04.21-19.37.23:169][  0]LogCollectionManager: Loaded 0 collections in 0.003746 seconds
[2020.04.21-19.37.23:258][  0]LogFileCache: Scanning file cache for directory 'D:/unreal/MyProject5/Saved/Collections/' took 0.01s
[2020.04.21-19.37.23:258][  0]LogFileCache: Scanning file cache for directory 'D:/unreal/MyProject5/Content/Developers/AngelMedranoG/Collections/' took 0.01s
[2020.04.21-19.37.23:258][  0]LogFileCache: Scanning file cache for directory 'D:/unreal/MyProject5/Content/Collections/' took 0.01s
[2020.04.21-19.37.23:258][  0]LogCollectionManager: Rebuilt the GUID cache for 0 collections in 0.000000 seconds
[2020.04.21-19.37.23:269][  0]LogContentBrowser: Native class hierarchy populated in 0.0109 seconds. Added 2572 classes and 603 folders.
[2020.04.21-19.37.23:316][  0]LogContentBrowser: Native class hierarchy updated for 'WidgetCarousel' in 0.0004 seconds. Added 0 classes and 0 folders.
[2020.04.21-19.37.24:469][  0]LogContentBrowser: Native class hierarchy updated for 'AddContentDialog' in 0.0003 seconds. Added 0 classes and 0 folders.
[2020.04.21-19.37.24:517][  0]LogContentBrowser: Native class hierarchy updated for 'SceneOutliner' in 0.0004 seconds. Added 1 classes and 2 folders.
[2020.04.21-19.37.24:836][  0]LogSlate: Took 0.005231 seconds to synchronously load lazily loaded font '../../../Engine/Content/Slate/Fonts/Roboto-Regular.ttf' (155K)
[2020.04.21-19.37.24:843][  0]LogSlate: Took 0.004702 seconds to synchronously load lazily loaded font '../../../Engine/Content/Slate/Fonts/Roboto-Bold.ttf' (160K)
[2020.04.21-19.37.24:900][  0]LogSlate: Took 0.015042 seconds to synchronously load lazily loaded font '../../../Engine/Content/Editor/Slate/Fonts/FontAwesome.ttf' (139K)
[2020.04.21-19.37.25:295][  0]LogRenderer: Reallocating scene render targets to support 800x504 Format 9 NumSamples 1 (Frame:1).
[2020.04.21-19.37.25:695][  0]LogContentBrowser: Native class hierarchy updated for 'HierarchicalLODOutliner' in 0.0003 seconds. Added 0 classes and 0 folders.
[2020.04.21-19.37.25:695][  0]LogLoad: (Engine Initialization) Total time: 29.52 seconds
[2020.04.21-19.37.25:695][  0]LogLoad: (Engine Initialization) Total Blueprint compile time: 0.00 seconds
[2020.04.21-19.37.25:759][  0]LogContentStreaming: Texture pool size now 800 MB
[2020.04.21-19.37.25:821][  0]LogSlate: Took 0.020335 seconds to synchronously load lazily loaded font '../../../Engine/Content/Slate/Fonts/Roboto-Light.ttf' (167K)
[2020.04.21-19.37.25:864][  1]LogD3D11RHI: Error: agsDriverExtensionsDX11_SetDepthBounds(1,0.000000, 1.000000) returned error code 6. **********PLEASE UPDATE YOUR VIDEO DRIVERS*********
[2020.04.21-19.37.25:901][  1]LogAssetRegistry: Asset discovery search completed in 16.2735 seconds
[2020.04.21-19.37.25:902][  1]LogCollectionManager: Rebuilt the object cache for 0 collections in 0.000001 seconds (found 0 objects)
[2020.04.21-19.37.25:902][  1]LogCollectionManager: Fixed up redirectors for 0 collections in 0.000051 seconds (updated 0 objects)
[2020.04.21-19.38.02:174][201]LogSlate: FSceneViewport::OnFocusLost() reason 0
[2020.04.21-19.40.46:852][ 41]LogTemp: Repeating last play command: Selected Viewport
[2020.04.21-19.40.46:881][ 41]LogBlueprintUserMessages: Early PlayInEditor Detection: Level '/Game/ThirdPersonBP/Maps/ThirdPersonExampleMap.ThirdPersonExampleMap:PersistentLevel' has LevelScriptBlueprint '/Game/ThirdPersonBP/Maps/ThirdPersonExampleMap.ThirdPersonExampleMap:PersistentLevel.ThirdPersonExampleMap' with GeneratedClass '/Game/ThirdPersonBP/Maps/ThirdPersonExampleMap.ThirdPersonExampleMap_C' with ClassGeneratedBy '/Game/ThirdPersonBP/Maps/ThirdPersonExampleMap.ThirdPersonExampleMap:PersistentLevel.ThirdPersonExampleMap'
[2020.04.21-19.40.46:881][ 41]LogPlayLevel: PlayLevel: No blueprints needed recompiling
[2020.04.21-19.40.46:936][ 41]PIE: New page: PIE session: ThirdPersonExampleMap (Apr 21, 2020, 9:40:46 AM)
[2020.04.21-19.40.46:936][ 41]LogPlayLevel: Creating play world package: /Game/ThirdPersonBP/Maps/UEDPIE_0_ThirdPersonExampleMap
[2020.04.21-19.40.46:986][ 41]LogPlayLevel: PIE: StaticDuplicateObject took: (0.049686s)
[2020.04.21-19.40.46:986][ 41]LogAIModule: Creating AISystem for world ThirdPersonExampleMap
[2020.04.21-19.40.46:987][ 41]LogPlayLevel: PIE: World Init took: (0.001047s)
[2020.04.21-19.40.46:987][ 41]LogPlayLevel: PIE: Created PIE world by copying editor world from /Game/ThirdPersonBP/Maps/ThirdPersonExampleMap.ThirdPersonExampleMap to /Game/ThirdPersonBP/Maps/UEDPIE_0_ThirdPersonExampleMap.ThirdPersonExampleMap (0.050934s)
[2020.04.21-19.40.47:044][ 41]LogInit: XAudio2 using 'Altavoces / Auriculares (Realtek High Definition Audio)' : 2 channels at 48 kHz using 32 bits per sample (channel mask 0x3)
[2020.04.21-19.40.47:065][ 41]LogInit: FAudioDevice initialized.
[2020.04.21-19.40.47:134][ 41]LogLoad: Game class is 'ThirdPersonGameMode_C'
[2020.04.21-19.40.47:150][ 41]LogWorld: Bringing World /Game/ThirdPersonBP/Maps/UEDPIE_0_ThirdPersonExampleMap.ThirdPersonExampleMap up for play (max tick rate 0) at 2020.04.21-14.40.47
[2020.04.21-19.40.47:196][ 41]LogWorld: Bringing up level for play took: 0.049206
[2020.04.21-19.40.47:260][ 41]LogContentBrowser: Native class hierarchy updated for 'MovieSceneCapture' in 0.0004 seconds. Added 10 classes and 0 folders.
[2020.04.21-19.40.47:261][ 41]PIE: Play in editor start time for /Game/ThirdPersonBP/Maps/UEDPIE_0_ThirdPersonExampleMap 1.101
[2020.04.21-19.40.47:261][ 41]LogBlueprintUserMessages: Late PlayInEditor Detection: Level '/Game/ThirdPersonBP/Maps/ThirdPersonExampleMap.ThirdPersonExampleMap:PersistentLevel' has LevelScriptBlueprint '/Game/ThirdPersonBP/Maps/ThirdPersonExampleMap.ThirdPersonExampleMap:PersistentLevel.ThirdPersonExampleMap' with GeneratedClass '/Game/ThirdPersonBP/Maps/ThirdPersonExampleMap.ThirdPersonExampleMap_C' with ClassGeneratedBy '/Game/ThirdPersonBP/Maps/ThirdPersonExampleMap.ThirdPersonExampleMap:PersistentLevel.ThirdPersonExampleMap'
[2020.04.21-19.41.58:261][579]LogSlate: FSceneViewport::OnFocusLost() reason 0
[2020.04.21-19.42.15:613][379]LogSlate: Only BGRA pngs, bmps or icos are supported in by External Image Picker
[2020.04.21-19.42.15:764][380]LogTemp: Executing iPhonePackager certificates Engine -bundlename com.YourCompany.MyProject5
[2020.04.21-19.42.15:764][380]LogTemp: CWD: D:\Programas\Epic Games\UE_4.20\Engine\Binaries\DotNET\IOS
[2020.04.21-19.42.15:764][380]LogTemp: Initial Dir: D:\Programas\Epic Games\UE_4.20
[2020.04.21-19.42.15:764][380]LogTemp: Env CWD: D:\Programas\Epic Games\UE_4.20\Engine\Binaries\DotNET\IOS
[2020.04.21-19.42.15:764][380]LogTemp: BranchPath = DESKTOP-DRG68JE/D/Programas/Epic Games/UE_4.20/Engine/Binaries --- GameBranchPath = DESKTOP-DRG68JE/D/Programas/Epic Games/UE_4.20/Engine/Binaries
[2020.04.21-19.42.15:764][380]LogTemp: IPP ERROR: Could not find provision directory 'C:\Users\Angel Medrano G\AppData\Local/Apple Computer/MobileDevice/Provisioning Profiles/'.
[2020.04.21-19.42.52:957][217]LogSlate: Window 'New Project' being destroyed
[2020.04.21-19.44.10:340][524]LogSlate: Window 'Project Settings' being destroyed
[2020.04.21-19.44.10:342][524]LogSlate: Window 'Project Settings' being destroyed
